[ 2015-09-22T15:20:34+08:00 ] ::1 /chenqiuyuan/index.php/CHENQIUYUAN
INFO: [ app_init ] --START--
INFO: Run Behavior\BuildLiteBehavior [ RunTime:0.000024s ]
INFO: [ app_init ] --END-- [ RunTime:0.005124s ]
ERR: 无法加载模块:CHENQIUYUAN

[ 2015-09-22T15:21:26+08:00 ] ::1 /chenqiuyuan/index.php/jumbotron-narrow.css
INFO: [ app_init ] --START--
INFO: Run Behavior\BuildLiteBehavior [ RunTime:0.000029s ]
INFO: [ app_init ] --END-- [ RunTime:0.000347s ]
ERR: 无法加载模块:Jumbotron-narrow

[ 2015-09-22T20:43:11+08:00 ] ::1 /chenqiuyuan/index.php/jumbotron-narrow.css
INFO: [ app_init ] --START--
INFO: Run Behavior\BuildLiteBehavior [ RunTime:0.000018s ]
INFO: [ app_init ] --END-- [ RunTime:0.000294s ]
ERR: 无法加载模块:Jumbotron-narrow

[ 2015-09-22T20:44:02+08:00 ] ::1 /chenqiuyuan/index.php/assets/js/ie10-viewport-bug-workaround.js
INFO: [ app_init ] --START--
INFO: Run Behavior\BuildLiteBehavior [ RunTime:0.000045s ]
INFO: [ app_init ] --END-- [ RunTime:0.000655s ]
ERR: 无法加载模块:Assets

[ 2015-09-22T20:44:02+08:00 ] ::1 /chenqiuyuan/index.php/assets/js/ie-emulation-modes-warning.js
INFO: [ app_init ] --START--
INFO: Run Behavior\BuildLiteBehavior [ RunTime:0.000019s ]
INFO: [ app_init ] --END-- [ RunTime:0.000391s ]
ERR: 无法加载模块:Assets

[ 2015-09-22T20:45:03+08:00 ] ::1 /chenqiuyuan/index.php/assets/js/ie10-viewport-bug-workaround.js
INFO: [ app_init ] --START--
INFO: Run Behavior\BuildLiteBehavior [ RunTime:0.000022s ]
INFO: [ app_init ] --END-- [ RunTime:0.000487s ]
ERR: 无法加载模块:Assets

[ 2015-09-22T20:45:03+08:00 ] ::1 /chenqiuyuan/index.php/assets/js/ie-emulation-modes-warning.js
INFO: [ app_init ] --START--
INFO: Run Behavior\BuildLiteBehavior [ RunTime:0.000031s ]
INFO: [ app_init ] --END-- [ RunTime:0.000614s ]
ERR: 无法加载模块:Assets

[ 2015-09-22T20:49:59+08:00 ] 127.0.0.1 /chenqiuyuan/index.php/jumbotron-narrow.css
INFO: [ app_init ] --START--
INFO: Run Behavior\BuildLiteBehavior [ RunTime:0.000030s ]
INFO: [ app_init ] --END-- [ RunTime:0.000446s ]
ERR: 无法加载模块:Jumbotron-narrow

[ 2015-09-22T20:50:01+08:00 ] 127.0.0.1 /chenqiuyuan/index.php/jumbotron-narrow.css
INFO: [ app_init ] --START--
INFO: Run Behavior\BuildLiteBehavior [ RunTime:0.000021s ]
INFO: [ app_init ] --END-- [ RunTime:0.000384s ]
ERR: 无法加载模块:Jumbotron-narrow

[ 2015-09-22T20:50:17+08:00 ] ::1 /chenqiuyuan/index.php/jumbotron-narrow.css
INFO: [ app_init ] --START--
INFO: Run Behavior\BuildLiteBehavior [ RunTime:0.000019s ]
INFO: [ app_init ] --END-- [ RunTime:0.000337s ]
ERR: 无法加载模块:Jumbotron-narrow

[ 2015-09-22T20:50:18+08:00 ] ::1 /chenqiuyuan/index.php/jumbotron-narrow.css
INFO: [ app_init ] --START--
INFO: Run Behavior\BuildLiteBehavior [ RunTime:0.000020s ]
INFO: [ app_init ] --END-- [ RunTime:0.000343s ]
ERR: 无法加载模块:Jumbotron-narrow

[ 2015-09-22T20:50:19+08:00 ] ::1 /chenqiuyuan/index.php/jumbotron-narrow.css
INFO: [ app_init ] --START--
INFO: Run Behavior\BuildLiteBehavior [ RunTime:0.000021s ]
INFO: [ app_init ] --END-- [ RunTime:0.000352s ]
ERR: 无法加载模块:Jumbotron-narrow

[ 2015-09-22T20:50:19+08:00 ] ::1 /chenqiuyuan/index.php/jumbotron-narrow.css
INFO: [ app_init ] --START--
INFO: Run Behavior\BuildLiteBehavior [ RunTime:0.000021s ]
INFO: [ app_init ] --END-- [ RunTime:0.000383s ]
ERR: 无法加载模块:Jumbotron-narrow

[ 2015-09-22T20:50:19+08:00 ] ::1 /chenqiuyuan/index.php/jumbotron-narrow.css
INFO: [ app_init ] --START--
INFO: Run Behavior\BuildLiteBehavior [ RunTime:0.000025s ]
INFO: [ app_init ] --END-- [ RunTime:0.000451s ]
ERR: 无法加载模块:Jumbotron-narrow

[ 2015-09-22T20:50:20+08:00 ] ::1 /chenqiuyuan/index.php/jumbotron-narrow.css
INFO: [ app_init ] --START--
INFO: Run Behavior\BuildLiteBehavior [ RunTime:0.000021s ]
INFO: [ app_init ] --END-- [ RunTime:0.000396s ]
ERR: 无法加载模块:Jumbotron-narrow

[ 2015-09-22T20:50:25+08:00 ] ::1 /chenqiuyuan/index.php/jumbotron-narrow.css
INFO: [ app_init ] --START--
INFO: Run Behavior\BuildLiteBehavior [ RunTime:0.000019s ]
INFO: [ app_init ] --END-- [ RunTime:0.000309s ]
ERR: 无法加载模块:Jumbotron-narrow

[ 2015-09-22T20:51:08+08:00 ] ::1 /chenqiuyuan/index.php/jumbotron-narrow.css
INFO: [ app_init ] --START--
INFO: Run Behavior\BuildLiteBehavior [ RunTime:0.000018s ]
INFO: [ app_init ] --END-- [ RunTime:0.000303s ]
ERR: 无法加载模块:Jumbotron-narrow

[ 2015-09-22T20:54:20+08:00 ] ::1 /chenqiuyuan/index.php/jumbotron-narrow.css
INFO: [ app_init ] --START--
INFO: Run Behavior\BuildLiteBehavior [ RunTime:0.000017s ]
INFO: [ app_init ] --END-- [ RunTime:0.000303s ]
ERR: 无法加载模块:Jumbotron-narrow

[ 2015-09-22T20:54:37+08:00 ] ::1 /chenqiuyuan/index.php/jumbotron-narrow.css
INFO: [ app_init ] --START--
INFO: Run Behavior\BuildLiteBehavior [ RunTime:0.000021s ]
INFO: [ app_init ] --END-- [ RunTime:0.000313s ]
ERR: 无法加载模块:Jumbotron-narrow

[ 2015-09-22T20:56:35+08:00 ] ::1 /chenqiuyuan/index.php/jumbotron-narrow.css
INFO: [ app_init ] --START--
INFO: Run Behavior\BuildLiteBehavior [ RunTime:0.000019s ]
INFO: [ app_init ] --END-- [ RunTime:0.000306s ]
ERR: 无法加载模块:Jumbotron-narrow

[ 2015-09-22T20:57:01+08:00 ] ::1 /chenqiuyuan/index.php/jumbotron-narrow.css
INFO: [ app_init ] --START--
INFO: Run Behavior\BuildLiteBehavior [ RunTime:0.000018s ]
INFO: [ app_init ] --END-- [ RunTime:0.000294s ]
ERR: 无法加载模块:Jumbotron-narrow

[ 2015-09-22T20:57:21+08:00 ] ::1 /chenqiuyuan/index.php/jumbotron-narrow.css
INFO: [ app_init ] --START--
INFO: Run Behavior\BuildLiteBehavior [ RunTime:0.000018s ]
INFO: [ app_init ] --END-- [ RunTime:0.000301s ]
ERR: 无法加载模块:Jumbotron-narrow

[ 2015-09-22T20:57:21+08:00 ] ::1 /chenqiuyuan/index.php/jumbotron-narrow.css
INFO: [ app_init ] --START--
INFO: Run Behavior\BuildLiteBehavior [ RunTime:0.000049s ]
INFO: [ app_init ] --END-- [ RunTime:0.000395s ]
ERR: 无法加载模块:Jumbotron-narrow

[ 2015-09-22T20:57:22+08:00 ] ::1 /chenqiuyuan/index.php/jumbotron-narrow.css
INFO: [ app_init ] --START--
INFO: Run Behavior\BuildLiteBehavior [ RunTime:0.000019s ]
INFO: [ app_init ] --END-- [ RunTime:0.000308s ]
ERR: 无法加载模块:Jumbotron-narrow

[ 2015-09-22T20:57:46+08:00 ] ::1 /chenqiuyuan/index.php/jumbotron-narrow.css
INFO: [ app_init ] --START--
INFO: Run Behavior\BuildLiteBehavior [ RunTime:0.000018s ]
INFO: [ app_init ] --END-- [ RunTime:0.000299s ]
ERR: 无法加载模块:Jumbotron-narrow

[ 2015-09-22T20:57:47+08:00 ] ::1 /chenqiuyuan/index.php/jumbotron-narrow.css
INFO: [ app_init ] --START--
INFO: Run Behavior\BuildLiteBehavior [ RunTime:0.000020s ]
INFO: [ app_init ] --END-- [ RunTime:0.000313s ]
ERR: 无法加载模块:Jumbotron-narrow

[ 2015-09-22T20:57:48+08:00 ] ::1 /chenqiuyuan/index.php/jumbotron-narrow.css
INFO: [ app_init ] --START--
INFO: Run Behavior\BuildLiteBehavior [ RunTime:0.000017s ]
INFO: [ app_init ] --END-- [ RunTime:0.000293s ]
ERR: 无法加载模块:Jumbotron-narrow

[ 2015-09-22T20:57:48+08:00 ] ::1 /chenqiuyuan/index.php/jumbotron-narrow.css
INFO: [ app_init ] --START--
INFO: Run Behavior\BuildLiteBehavior [ RunTime:0.000020s ]
INFO: [ app_init ] --END-- [ RunTime:0.000310s ]
ERR: 无法加载模块:Jumbotron-narrow

[ 2015-09-22T20:57:49+08:00 ] ::1 /chenqiuyuan/index.php/jumbotron-narrow.css
INFO: [ app_init ] --START--
INFO: Run Behavior\BuildLiteBehavior [ RunTime:0.000017s ]
INFO: [ app_init ] --END-- [ RunTime:0.000296s ]
ERR: 无法加载模块:Jumbotron-narrow

[ 2015-09-22T20:57:55+08:00 ] ::1 /chenqiuyuan/index.php/jumbotron-narrow.css
INFO: [ app_init ] --START--
INFO: Run Behavior\BuildLiteBehavior [ RunTime:0.000023s ]
INFO: [ app_init ] --END-- [ RunTime:0.000523s ]
ERR: 无法加载模块:Jumbotron-narrow

[ 2015-09-22T20:57:56+08:00 ] ::1 /chenqiuyuan/index.php/jumbotron-narrow.css
INFO: [ app_init ] --START--
INFO: Run Behavior\BuildLiteBehavior [ RunTime:0.000020s ]
INFO: [ app_init ] --END-- [ RunTime:0.000323s ]
ERR: 无法加载模块:Jumbotron-narrow

[ 2015-09-22T20:57:56+08:00 ] ::1 /chenqiuyuan/index.php/jumbotron-narrow.css
INFO: [ app_init ] --START--
INFO: Run Behavior\BuildLiteBehavior [ RunTime:0.000017s ]
INFO: [ app_init ] --END-- [ RunTime:0.000309s ]
ERR: 无法加载模块:Jumbotron-narrow

[ 2015-09-22T20:58:11+08:00 ] ::1 /chenqiuyuan/index.php/jumbotron-narrow.css
INFO: [ app_init ] --START--
INFO: Run Behavior\BuildLiteBehavior [ RunTime:0.000018s ]
INFO: [ app_init ] --END-- [ RunTime:0.000305s ]
ERR: 无法加载模块:Jumbotron-narrow

[ 2015-09-22T20:58:53+08:00 ] ::1 /chenqiuyuan/index.php/jumbotron-narrow.css
INFO: [ app_init ] --START--
INFO: Run Behavior\BuildLiteBehavior [ RunTime:0.000019s ]
INFO: [ app_init ] --END-- [ RunTime:0.000328s ]
ERR: 无法加载模块:Jumbotron-narrow

[ 2015-09-22T20:59:22+08:00 ] ::1 /chenqiuyuan/index.php/jumbotron-narrow.css
INFO: [ app_init ] --START--
INFO: Run Behavior\BuildLiteBehavior [ RunTime:0.000020s ]
INFO: [ app_init ] --END-- [ RunTime:0.000317s ]
ERR: 无法加载模块:Jumbotron-narrow

[ 2015-09-22T21:00:01+08:00 ] ::1 /chenqiuyuan/index.php/jumbotron-narrow.css
INFO: [ app_init ] --START--
INFO: Run Behavior\BuildLiteBehavior [ RunTime:0.000018s ]
INFO: [ app_init ] --END-- [ RunTime:0.000331s ]
ERR: 无法加载模块:Jumbotron-narrow

[ 2015-09-22T21:00:27+08:00 ] ::1 /chenqiuyuan/index.php/jumbotron-narrow.css
INFO: [ app_init ] --START--
INFO: Run Behavior\BuildLiteBehavior [ RunTime:0.000019s ]
INFO: [ app_init ] --END-- [ RunTime:0.000341s ]
ERR: 无法加载模块:Jumbotron-narrow

[ 2015-09-22T21:01:27+08:00 ] ::1 /chenqiuyuan/index.php/jumbotron-narrow.css
INFO: [ app_init ] --START--
INFO: Run Behavior\BuildLiteBehavior [ RunTime:0.000018s ]
INFO: [ app_init ] --END-- [ RunTime:0.000356s ]
ERR: 无法加载模块:Jumbotron-narrow

[ 2015-09-22T21:01:38+08:00 ] ::1 /chenqiuyuan/index.php/jumbotron-narrow.css
INFO: [ app_init ] --START--
INFO: Run Behavior\BuildLiteBehavior [ RunTime:0.000018s ]
INFO: [ app_init ] --END-- [ RunTime:0.000293s ]
ERR: 无法加载模块:Jumbotron-narrow

[ 2015-09-22T21:01:56+08:00 ] ::1 /chenqiuyuan/index.php/jumbotron-narrow.css
INFO: [ app_init ] --START--
INFO: Run Behavior\BuildLiteBehavior [ RunTime:0.000017s ]
INFO: [ app_init ] --END-- [ RunTime:0.000328s ]
ERR: 无法加载模块:Jumbotron-narrow

[ 2015-09-22T21:01:56+08:00 ] ::1 /chenqiuyuan/index.php/jumbotron-narrow.css
INFO: [ app_init ] --START--
INFO: Run Behavior\BuildLiteBehavior [ RunTime:0.000018s ]
INFO: [ app_init ] --END-- [ RunTime:0.000300s ]
ERR: 无法加载模块:Jumbotron-narrow

[ 2015-09-22T21:01:56+08:00 ] ::1 /chenqiuyuan/index.php/jumbotron-narrow.css
INFO: [ app_init ] --START--
INFO: Run Behavior\BuildLiteBehavior [ RunTime:0.000018s ]
INFO: [ app_init ] --END-- [ RunTime:0.000308s ]
ERR: 无法加载模块:Jumbotron-narrow

[ 2015-09-22T21:01:56+08:00 ] ::1 /chenqiuyuan/index.php/jumbotron-narrow.css
INFO: [ app_init ] --START--
INFO: Run Behavior\BuildLiteBehavior [ RunTime:0.000020s ]
INFO: [ app_init ] --END-- [ RunTime:0.000311s ]
ERR: 无法加载模块:Jumbotron-narrow

[ 2015-09-22T21:01:57+08:00 ] ::1 /chenqiuyuan/index.php/jumbotron-narrow.css
INFO: [ app_init ] --START--
INFO: Run Behavior\BuildLiteBehavior [ RunTime:0.000019s ]
INFO: [ app_init ] --END-- [ RunTime:0.000310s ]
ERR: 无法加载模块:Jumbotron-narrow

[ 2015-09-22T21:01:57+08:00 ] ::1 /chenqiuyuan/index.php/jumbotron-narrow.css
INFO: [ app_init ] --START--
INFO: Run Behavior\BuildLiteBehavior [ RunTime:0.000018s ]
INFO: [ app_init ] --END-- [ RunTime:0.000310s ]
ERR: 无法加载模块:Jumbotron-narrow

[ 2015-09-22T21:01:57+08:00 ] ::1 /chenqiuyuan/index.php/jumbotron-narrow.css
INFO: [ app_init ] --START--
INFO: Run Behavior\BuildLiteBehavior [ RunTime:0.000018s ]
INFO: [ app_init ] --END-- [ RunTime:0.000305s ]
ERR: 无法加载模块:Jumbotron-narrow

[ 2015-09-22T21:01:57+08:00 ] ::1 /chenqiuyuan/index.php/jumbotron-narrow.css
INFO: [ app_init ] --START--
INFO: Run Behavior\BuildLiteBehavior [ RunTime:0.000019s ]
INFO: [ app_init ] --END-- [ RunTime:0.000309s ]
ERR: 无法加载模块:Jumbotron-narrow

[ 2015-09-22T21:01:57+08:00 ] ::1 /chenqiuyuan/index.php/jumbotron-narrow.css
INFO: [ app_init ] --START--
INFO: Run Behavior\BuildLiteBehavior [ RunTime:0.000022s ]
INFO: [ app_init ] --END-- [ RunTime:0.000348s ]
ERR: 无法加载模块:Jumbotron-narrow

[ 2015-09-22T21:01:57+08:00 ] ::1 /chenqiuyuan/index.php/jumbotron-narrow.css
INFO: [ app_init ] --START--
INFO: Run Behavior\BuildLiteBehavior [ RunTime:0.000022s ]
INFO: [ app_init ] --END-- [ RunTime:0.000328s ]
ERR: 无法加载模块:Jumbotron-narrow

[ 2015-09-22T21:01:57+08:00 ] ::1 /chenqiuyuan/index.php/jumbotron-narrow.css
INFO: [ app_init ] --START--
INFO: Run Behavior\BuildLiteBehavior [ RunTime:0.000032s ]
INFO: [ app_init ] --END-- [ RunTime:0.000492s ]
ERR: 无法加载模块:Jumbotron-narrow

[ 2015-09-22T21:01:57+08:00 ] ::1 /chenqiuyuan/index.php/jumbotron-narrow.css
INFO: [ app_init ] --START--
INFO: Run Behavior\BuildLiteBehavior [ RunTime:0.000021s ]
INFO: [ app_init ] --END-- [ RunTime:0.000324s ]
ERR: 无法加载模块:Jumbotron-narrow

[ 2015-09-22T21:01:58+08:00 ] ::1 /chenqiuyuan/index.php/jumbotron-narrow.css
INFO: [ app_init ] --START--
INFO: Run Behavior\BuildLiteBehavior [ RunTime:0.000022s ]
INFO: [ app_init ] --END-- [ RunTime:0.000327s ]
ERR: 无法加载模块:Jumbotron-narrow

[ 2015-09-22T21:01:58+08:00 ] ::1 /chenqiuyuan/index.php/jumbotron-narrow.css
INFO: [ app_init ] --START--
INFO: Run Behavior\BuildLiteBehavior [ RunTime:0.000020s ]
INFO: [ app_init ] --END-- [ RunTime:0.000314s ]
ERR: 无法加载模块:Jumbotron-narrow

[ 2015-09-22T21:01:58+08:00 ] ::1 /chenqiuyuan/index.php/jumbotron-narrow.css
INFO: [ app_init ] --START--
INFO: Run Behavior\BuildLiteBehavior [ RunTime:0.000034s ]
INFO: [ app_init ] --END-- [ RunTime:0.000501s ]
ERR: 无法加载模块:Jumbotron-narrow

[ 2015-09-22T21:01:58+08:00 ] ::1 /chenqiuyuan/index.php/jumbotron-narrow.css
INFO: [ app_init ] --START--
INFO: Run Behavior\BuildLiteBehavior [ RunTime:0.000026s ]
INFO: [ app_init ] --END-- [ RunTime:0.000487s ]
ERR: 无法加载模块:Jumbotron-narrow

[ 2015-09-22T21:01:58+08:00 ] ::1 /chenqiuyuan/index.php/jumbotron-narrow.css
INFO: [ app_init ] --START--
INFO: Run Behavior\BuildLiteBehavior [ RunTime:0.000021s ]
INFO: [ app_init ] --END-- [ RunTime:0.000332s ]
ERR: 无法加载模块:Jumbotron-narrow

[ 2015-09-22T21:01:58+08:00 ] ::1 /chenqiuyuan/index.php/jumbotron-narrow.css
INFO: [ app_init ] --START--
INFO: Run Behavior\BuildLiteBehavior [ RunTime:0.000021s ]
INFO: [ app_init ] --END-- [ RunTime:0.000328s ]
ERR: 无法加载模块:Jumbotron-narrow

[ 2015-09-22T21:01:58+08:00 ] ::1 /chenqiuyuan/index.php/jumbotron-narrow.css
INFO: [ app_init ] --START--
INFO: Run Behavior\BuildLiteBehavior [ RunTime:0.000018s ]
INFO: [ app_init ] --END-- [ RunTime:0.000304s ]
ERR: 无法加载模块:Jumbotron-narrow

