[ 2015-09-19T20:38:44+08:00 ] ::1 /chenqiuyuan/index.php/home/Form/edit/id/1
INFO: [ app_init ] --START--
INFO: Run Behavior\BuildLiteBehavior [ RunTime:0.000022s ]
INFO: [ app_init ] --END-- [ RunTime:0.006364s ]
INFO: [ app_begin ] --START--
INFO: Run Behavior\ReadHtmlCacheBehavior [ RunTime:0.004413s ]
INFO: [ app_begin ] --END-- [ RunTime:0.004541s ]
SQL: SHOW COLUMNS FROM `think_form` [ RunTime:0.0549s ]
SQL: SELECT * FROM `think_form` WHERE `id` = 1 LIMIT 1   [ RunTime:0.0014s ]
INFO: [ view_parse ] --START--
INFO: [ template_filter ] --START--
INFO: Run Behavior\ContentReplaceBehavior [ RunTime:0.000046s ]
INFO: [ template_filter ] --END-- [ RunTime:0.000134s ]
INFO: Run Behavior\ParseTemplateBehavior [ RunTime:0.071192s ]
INFO: [ view_parse ] --END-- [ RunTime:0.071286s ]
INFO: [ view_filter ] --START--
INFO: Run Behavior\WriteHtmlCacheBehavior [ RunTime:0.007729s ]
INFO: [ view_filter ] --END-- [ RunTime:0.007821s ]
INFO: [ app_end ] --START--
INFO: Run Behavior\ShowPageTraceBehavior [ RunTime:0.034357s ]
INFO: [ app_end ] --END-- [ RunTime:0.034470s ]

