[ 2016-04-20T22:37:53+08:00 ] 127.0.0.1 /chenqiuyuan/HOME_PAGE/index.php
INFO: [ app_init ] --START--
INFO: Run Behavior\BuildLiteBehavior [ RunTime:0.000059s ]
INFO: [ app_init ] --END-- [ RunTime:0.001646s ]
NOTIC: [8] Use of undefined constant SAE_MYSQL_HOST_M - assumed 'SAE_MYSQL_HOST_M' D:\wamp\www\php\chenqiuyuan\HOME_PAGE\Application\Home\Conf\config.php 第 5 行.
NOTIC: [8] Use of undefined constant SAE_MYSQL_USER - assumed 'SAE_MYSQL_USER' D:\wamp\www\php\chenqiuyuan\HOME_PAGE\Application\Home\Conf\config.php 第 7 行.
NOTIC: [8] Use of undefined constant SAE_MYSQL_PASS - assumed 'SAE_MYSQL_PASS' D:\wamp\www\php\chenqiuyuan\HOME_PAGE\Application\Home\Conf\config.php 第 8 行.
NOTIC: [8] Use of undefined constant SAE_MYSQL_PORT - assumed 'SAE_MYSQL_PORT' D:\wamp\www\php\chenqiuyuan\HOME_PAGE\Application\Home\Conf\config.php 第 9 行.
INFO: [ app_begin ] --START--
INFO: Run Behavior\ReadHtmlCacheBehavior [ RunTime:0.001143s ]
INFO: [ app_begin ] --END-- [ RunTime:0.001439s ]
INFO: [ view_parse ] --START--
INFO: [ template_filter ] --START--
INFO: Run Behavior\ContentReplaceBehavior [ RunTime:0.000070s ]
INFO: [ template_filter ] --END-- [ RunTime:0.000190s ]
INFO: Run Behavior\ParseTemplateBehavior [ RunTime:0.026332s ]
INFO: [ view_parse ] --END-- [ RunTime:0.026525s ]
INFO: [ view_filter ] --START--
INFO: Run Behavior\WriteHtmlCacheBehavior [ RunTime:0.000311s ]
INFO: [ view_filter ] --END-- [ RunTime:0.000423s ]
INFO: [ app_end ] --START--
INFO: Run Behavior\ShowPageTraceBehavior [ RunTime:0.000530s ]
INFO: [ app_end ] --END-- [ RunTime:0.000647s ]

[ 2016-04-20T22:41:22+08:00 ] ::1 /php/chenqiuyuan/HOME_PAGE/index.php
INFO: [ app_init ] --START--
INFO: Run Behavior\BuildLiteBehavior [ RunTime:0.000041s ]
INFO: [ app_init ] --END-- [ RunTime:0.000715s ]
NOTIC: [8] Use of undefined constant SAE_MYSQL_HOST_M - assumed 'SAE_MYSQL_HOST_M' D:\wamp\www\php\chenqiuyuan\HOME_PAGE\Application\Home\Conf\config.php 第 5 行.
NOTIC: [8] Use of undefined constant SAE_MYSQL_USER - assumed 'SAE_MYSQL_USER' D:\wamp\www\php\chenqiuyuan\HOME_PAGE\Application\Home\Conf\config.php 第 7 行.
NOTIC: [8] Use of undefined constant SAE_MYSQL_PASS - assumed 'SAE_MYSQL_PASS' D:\wamp\www\php\chenqiuyuan\HOME_PAGE\Application\Home\Conf\config.php 第 8 行.
NOTIC: [8] Use of undefined constant SAE_MYSQL_PORT - assumed 'SAE_MYSQL_PORT' D:\wamp\www\php\chenqiuyuan\HOME_PAGE\Application\Home\Conf\config.php 第 9 行.
INFO: [ app_begin ] --START--
INFO: Run Behavior\ReadHtmlCacheBehavior [ RunTime:0.000782s ]
INFO: [ app_begin ] --END-- [ RunTime:0.000950s ]
INFO: [ view_parse ] --START--
INFO: [ template_filter ] --START--
INFO: Run Behavior\ContentReplaceBehavior [ RunTime:0.000099s ]
INFO: [ template_filter ] --END-- [ RunTime:0.000267s ]
INFO: Run Behavior\ParseTemplateBehavior [ RunTime:0.019736s ]
INFO: [ view_parse ] --END-- [ RunTime:0.019924s ]
INFO: [ view_filter ] --START--
INFO: Run Behavior\WriteHtmlCacheBehavior [ RunTime:0.000481s ]
INFO: [ view_filter ] --END-- [ RunTime:0.000643s ]
INFO: [ app_end ] --START--
INFO: Run Behavior\ShowPageTraceBehavior [ RunTime:0.000777s ]
INFO: [ app_end ] --END-- [ RunTime:0.000937s ]

[ 2016-04-20T22:43:04+08:00 ] ::1 /php/chenqiuyuan/HOME_PAGE/index.php
INFO: [ app_init ] --START--
INFO: Run Behavior\BuildLiteBehavior [ RunTime:0.000035s ]
INFO: [ app_init ] --END-- [ RunTime:0.000516s ]
NOTIC: [8] Use of undefined constant SAE_MYSQL_HOST_M - assumed 'SAE_MYSQL_HOST_M' D:\wamp\www\php\chenqiuyuan\HOME_PAGE\Application\Home\Conf\config.php 第 5 行.
NOTIC: [8] Use of undefined constant SAE_MYSQL_USER - assumed 'SAE_MYSQL_USER' D:\wamp\www\php\chenqiuyuan\HOME_PAGE\Application\Home\Conf\config.php 第 7 行.
NOTIC: [8] Use of undefined constant SAE_MYSQL_PASS - assumed 'SAE_MYSQL_PASS' D:\wamp\www\php\chenqiuyuan\HOME_PAGE\Application\Home\Conf\config.php 第 8 行.
NOTIC: [8] Use of undefined constant SAE_MYSQL_PORT - assumed 'SAE_MYSQL_PORT' D:\wamp\www\php\chenqiuyuan\HOME_PAGE\Application\Home\Conf\config.php 第 9 行.
INFO: [ app_begin ] --START--
INFO: Run Behavior\ReadHtmlCacheBehavior [ RunTime:0.000584s ]
INFO: [ app_begin ] --END-- [ RunTime:0.000733s ]
INFO: [ view_parse ] --START--
INFO: [ template_filter ] --START--
INFO: Run Behavior\ContentReplaceBehavior [ RunTime:0.000065s ]
INFO: [ template_filter ] --END-- [ RunTime:0.000179s ]
INFO: Run Behavior\ParseTemplateBehavior [ RunTime:0.006891s ]
INFO: [ view_parse ] --END-- [ RunTime:0.007025s ]
INFO: [ view_filter ] --START--
INFO: Run Behavior\WriteHtmlCacheBehavior [ RunTime:0.000225s ]
INFO: [ view_filter ] --END-- [ RunTime:0.000328s ]
INFO: [ app_end ] --START--
INFO: Run Behavior\ShowPageTraceBehavior [ RunTime:0.000444s ]
INFO: [ app_end ] --END-- [ RunTime:0.000550s ]

[ 2016-04-20T22:45:23+08:00 ] 127.0.0.1 /php/chenqiuyuan/HOME_PAGE/index.php
INFO: [ app_init ] --START--
INFO: Run Behavior\BuildLiteBehavior [ RunTime:0.000028s ]
INFO: [ app_init ] --END-- [ RunTime:0.000414s ]
NOTIC: [8] Use of undefined constant SAE_MYSQL_HOST_M - assumed 'SAE_MYSQL_HOST_M' D:\wamp\www\php\chenqiuyuan\HOME_PAGE\Application\Home\Conf\config.php 第 5 行.
NOTIC: [8] Use of undefined constant SAE_MYSQL_USER - assumed 'SAE_MYSQL_USER' D:\wamp\www\php\chenqiuyuan\HOME_PAGE\Application\Home\Conf\config.php 第 7 行.
NOTIC: [8] Use of undefined constant SAE_MYSQL_PASS - assumed 'SAE_MYSQL_PASS' D:\wamp\www\php\chenqiuyuan\HOME_PAGE\Application\Home\Conf\config.php 第 8 行.
NOTIC: [8] Use of undefined constant SAE_MYSQL_PORT - assumed 'SAE_MYSQL_PORT' D:\wamp\www\php\chenqiuyuan\HOME_PAGE\Application\Home\Conf\config.php 第 9 行.
INFO: [ app_begin ] --START--
INFO: Run Behavior\ReadHtmlCacheBehavior [ RunTime:0.000514s ]
INFO: [ app_begin ] --END-- [ RunTime:0.000625s ]
INFO: [ view_parse ] --START--
INFO: [ template_filter ] --START--
INFO: Run Behavior\ContentReplaceBehavior [ RunTime:0.000069s ]
INFO: [ template_filter ] --END-- [ RunTime:0.000177s ]
INFO: Run Behavior\ParseTemplateBehavior [ RunTime:0.006555s ]
INFO: [ view_parse ] --END-- [ RunTime:0.006671s ]
INFO: [ view_filter ] --START--
INFO: Run Behavior\WriteHtmlCacheBehavior [ RunTime:0.000381s ]
INFO: [ view_filter ] --END-- [ RunTime:0.000530s ]
INFO: [ app_end ] --START--
INFO: Run Behavior\ShowPageTraceBehavior [ RunTime:0.000710s ]
INFO: [ app_end ] --END-- [ RunTime:0.000885s ]

[ 2016-04-20T22:45:25+08:00 ] 127.0.0.1 /php/chenqiuyuan/HOME_PAGE/index.php
INFO: [ app_init ] --START--
INFO: Run Behavior\BuildLiteBehavior [ RunTime:0.000025s ]
INFO: [ app_init ] --END-- [ RunTime:0.000398s ]
NOTIC: [8] Use of undefined constant SAE_MYSQL_HOST_M - assumed 'SAE_MYSQL_HOST_M' D:\wamp\www\php\chenqiuyuan\HOME_PAGE\Application\Home\Conf\config.php 第 5 行.
NOTIC: [8] Use of undefined constant SAE_MYSQL_USER - assumed 'SAE_MYSQL_USER' D:\wamp\www\php\chenqiuyuan\HOME_PAGE\Application\Home\Conf\config.php 第 7 行.
NOTIC: [8] Use of undefined constant SAE_MYSQL_PASS - assumed 'SAE_MYSQL_PASS' D:\wamp\www\php\chenqiuyuan\HOME_PAGE\Application\Home\Conf\config.php 第 8 行.
NOTIC: [8] Use of undefined constant SAE_MYSQL_PORT - assumed 'SAE_MYSQL_PORT' D:\wamp\www\php\chenqiuyuan\HOME_PAGE\Application\Home\Conf\config.php 第 9 行.
INFO: [ app_begin ] --START--
INFO: Run Behavior\ReadHtmlCacheBehavior [ RunTime:0.000620s ]
INFO: [ app_begin ] --END-- [ RunTime:0.000752s ]
INFO: [ view_parse ] --START--
INFO: [ template_filter ] --START--
INFO: Run Behavior\ContentReplaceBehavior [ RunTime:0.000067s ]
INFO: [ template_filter ] --END-- [ RunTime:0.000181s ]
INFO: Run Behavior\ParseTemplateBehavior [ RunTime:0.006486s ]
INFO: [ view_parse ] --END-- [ RunTime:0.006599s ]
INFO: [ view_filter ] --START--
INFO: Run Behavior\WriteHtmlCacheBehavior [ RunTime:0.000284s ]
INFO: [ view_filter ] --END-- [ RunTime:0.000388s ]
INFO: [ app_end ] --START--
INFO: Run Behavior\ShowPageTraceBehavior [ RunTime:0.000494s ]
INFO: [ app_end ] --END-- [ RunTime:0.000599s ]

[ 2016-04-20T22:45:39+08:00 ] 127.0.0.1 /php/chenqiuyuan/HOME_PAGE/index.php/Home/Subtitle/log
INFO: [ app_init ] --START--
INFO: Run Behavior\BuildLiteBehavior [ RunTime:0.000032s ]
INFO: [ app_init ] --END-- [ RunTime:0.000482s ]
NOTIC: [8] Use of undefined constant SAE_MYSQL_HOST_M - assumed 'SAE_MYSQL_HOST_M' D:\wamp\www\php\chenqiuyuan\HOME_PAGE\Application\Home\Conf\config.php 第 5 行.
NOTIC: [8] Use of undefined constant SAE_MYSQL_USER - assumed 'SAE_MYSQL_USER' D:\wamp\www\php\chenqiuyuan\HOME_PAGE\Application\Home\Conf\config.php 第 7 行.
NOTIC: [8] Use of undefined constant SAE_MYSQL_PASS - assumed 'SAE_MYSQL_PASS' D:\wamp\www\php\chenqiuyuan\HOME_PAGE\Application\Home\Conf\config.php 第 8 行.
NOTIC: [8] Use of undefined constant SAE_MYSQL_PORT - assumed 'SAE_MYSQL_PORT' D:\wamp\www\php\chenqiuyuan\HOME_PAGE\Application\Home\Conf\config.php 第 9 行.
INFO: [ app_begin ] --START--
INFO: Run Behavior\ReadHtmlCacheBehavior [ RunTime:0.000573s ]
INFO: [ app_begin ] --END-- [ RunTime:0.000717s ]
INFO: [ view_parse ] --START--
INFO: [ template_filter ] --START--
INFO: Run Behavior\ContentReplaceBehavior [ RunTime:0.000061s ]
INFO: [ template_filter ] --END-- [ RunTime:0.000173s ]
INFO: Run Behavior\ParseTemplateBehavior [ RunTime:0.013296s ]
INFO: [ view_parse ] --END-- [ RunTime:0.013434s ]
INFO: [ view_filter ] --START--
INFO: Run Behavior\WriteHtmlCacheBehavior [ RunTime:0.000304s ]
INFO: [ view_filter ] --END-- [ RunTime:0.000439s ]
INFO: [ app_end ] --START--
INFO: Run Behavior\ShowPageTraceBehavior [ RunTime:0.000562s ]
INFO: [ app_end ] --END-- [ RunTime:0.000686s ]

[ 2016-04-20T22:45:43+08:00 ] 127.0.0.1 /php/chenqiuyuan/HOME_PAGE/index.php
INFO: [ app_init ] --START--
INFO: Run Behavior\BuildLiteBehavior [ RunTime:0.000033s ]
INFO: [ app_init ] --END-- [ RunTime:0.000474s ]
NOTIC: [8] Use of undefined constant SAE_MYSQL_HOST_M - assumed 'SAE_MYSQL_HOST_M' D:\wamp\www\php\chenqiuyuan\HOME_PAGE\Application\Home\Conf\config.php 第 5 行.
NOTIC: [8] Use of undefined constant SAE_MYSQL_USER - assumed 'SAE_MYSQL_USER' D:\wamp\www\php\chenqiuyuan\HOME_PAGE\Application\Home\Conf\config.php 第 7 行.
NOTIC: [8] Use of undefined constant SAE_MYSQL_PASS - assumed 'SAE_MYSQL_PASS' D:\wamp\www\php\chenqiuyuan\HOME_PAGE\Application\Home\Conf\config.php 第 8 行.
NOTIC: [8] Use of undefined constant SAE_MYSQL_PORT - assumed 'SAE_MYSQL_PORT' D:\wamp\www\php\chenqiuyuan\HOME_PAGE\Application\Home\Conf\config.php 第 9 行.
INFO: [ app_begin ] --START--
INFO: Run Behavior\ReadHtmlCacheBehavior [ RunTime:0.000610s ]
INFO: [ app_begin ] --END-- [ RunTime:0.000758s ]
INFO: [ view_parse ] --START--
INFO: [ template_filter ] --START--
INFO: Run Behavior\ContentReplaceBehavior [ RunTime:0.000087s ]
INFO: [ template_filter ] --END-- [ RunTime:0.000247s ]
INFO: Run Behavior\ParseTemplateBehavior [ RunTime:0.007968s ]
INFO: [ view_parse ] --END-- [ RunTime:0.008138s ]
INFO: [ view_filter ] --START--
INFO: Run Behavior\WriteHtmlCacheBehavior [ RunTime:0.000280s ]
INFO: [ view_filter ] --END-- [ RunTime:0.000414s ]
INFO: [ app_end ] --START--
INFO: Run Behavior\ShowPageTraceBehavior [ RunTime:0.000580s ]
INFO: [ app_end ] --END-- [ RunTime:0.000716s ]

[ 2016-04-20T22:54:49+08:00 ] 127.0.0.1 /php/chenqiuyuan/HOME_PAGE/index.php
INFO: [ app_init ] --START--
INFO: Run Behavior\BuildLiteBehavior [ RunTime:0.000046s ]
INFO: [ app_init ] --END-- [ RunTime:0.060956s ]
NOTIC: [8] Use of undefined constant SAE_MYSQL_HOST_M - assumed 'SAE_MYSQL_HOST_M' D:\wamp\www\php\chenqiuyuan\HOME_PAGE\Application\Home\Conf\config.php 第 5 行.
NOTIC: [8] Use of undefined constant SAE_MYSQL_USER - assumed 'SAE_MYSQL_USER' D:\wamp\www\php\chenqiuyuan\HOME_PAGE\Application\Home\Conf\config.php 第 7 行.
NOTIC: [8] Use of undefined constant SAE_MYSQL_PASS - assumed 'SAE_MYSQL_PASS' D:\wamp\www\php\chenqiuyuan\HOME_PAGE\Application\Home\Conf\config.php 第 8 行.
NOTIC: [8] Use of undefined constant SAE_MYSQL_PORT - assumed 'SAE_MYSQL_PORT' D:\wamp\www\php\chenqiuyuan\HOME_PAGE\Application\Home\Conf\config.php 第 9 行.
INFO: [ app_begin ] --START--
INFO: Run Behavior\ReadHtmlCacheBehavior [ RunTime:0.026236s ]
INFO: [ app_begin ] --END-- [ RunTime:0.026373s ]
INFO: [ view_parse ] --START--
INFO: [ template_filter ] --START--
INFO: Run Behavior\ContentReplaceBehavior [ RunTime:0.000069s ]
INFO: [ template_filter ] --END-- [ RunTime:0.000211s ]
INFO: Run Behavior\ParseTemplateBehavior [ RunTime:0.235945s ]
INFO: [ view_parse ] --END-- [ RunTime:0.236083s ]
INFO: [ view_filter ] --START--
INFO: Run Behavior\WriteHtmlCacheBehavior [ RunTime:0.022421s ]
INFO: [ view_filter ] --END-- [ RunTime:0.022543s ]
INFO: [ app_end ] --START--
INFO: Run Behavior\ShowPageTraceBehavior [ RunTime:0.013691s ]
INFO: [ app_end ] --END-- [ RunTime:0.013816s ]

