[ 2016-04-24T22:02:10+08:00 ] ::1 /php/chenqiuyuan/HOME_PAGE/index.php
INFO: [ app_init ] --START--
INFO: Run Behavior\BuildLiteBehavior [ RunTime:0.000027s ]
INFO: [ app_init ] --END-- [ RunTime:0.048083s ]
NOTIC: [8] Use of undefined constant SAE_MYSQL_HOST_M - assumed 'SAE_MYSQL_HOST_M' D:\wamp\www\php\chenqiuyuan\HOME_PAGE\Application\Home\Conf\config.php 第 5 行.
NOTIC: [8] Use of undefined constant SAE_MYSQL_USER - assumed 'SAE_MYSQL_USER' D:\wamp\www\php\chenqiuyuan\HOME_PAGE\Application\Home\Conf\config.php 第 7 行.
NOTIC: [8] Use of undefined constant SAE_MYSQL_PASS - assumed 'SAE_MYSQL_PASS' D:\wamp\www\php\chenqiuyuan\HOME_PAGE\Application\Home\Conf\config.php 第 8 行.
NOTIC: [8] Use of undefined constant SAE_MYSQL_PORT - assumed 'SAE_MYSQL_PORT' D:\wamp\www\php\chenqiuyuan\HOME_PAGE\Application\Home\Conf\config.php 第 9 行.
INFO: [ app_begin ] --START--
INFO: Run Behavior\ReadHtmlCacheBehavior [ RunTime:0.066253s ]
INFO: [ app_begin ] --END-- [ RunTime:0.066379s ]
INFO: [ view_parse ] --START--
INFO: [ template_filter ] --START--
INFO: Run Behavior\ContentReplaceBehavior [ RunTime:0.000067s ]
INFO: [ template_filter ] --END-- [ RunTime:0.000181s ]
INFO: Run Behavior\ParseTemplateBehavior [ RunTime:0.454130s ]
INFO: [ view_parse ] --END-- [ RunTime:0.454288s ]
INFO: [ view_filter ] --START--
INFO: Run Behavior\WriteHtmlCacheBehavior [ RunTime:0.018000s ]
INFO: [ view_filter ] --END-- [ RunTime:0.018124s ]
INFO: [ app_end ] --START--
INFO: Run Behavior\ShowPageTraceBehavior [ RunTime:0.029130s ]
INFO: [ app_end ] --END-- [ RunTime:0.029274s ]

[ 2016-04-24T22:02:17+08:00 ] ::1 /php/chenqiuyuan/HOME_PAGE/index.php/Home/Contact/index
INFO: [ app_init ] --START--
INFO: Run Behavior\BuildLiteBehavior [ RunTime:0.000029s ]
INFO: [ app_init ] --END-- [ RunTime:0.000489s ]
NOTIC: [8] Use of undefined constant SAE_MYSQL_HOST_M - assumed 'SAE_MYSQL_HOST_M' D:\wamp\www\php\chenqiuyuan\HOME_PAGE\Application\Home\Conf\config.php 第 5 行.
NOTIC: [8] Use of undefined constant SAE_MYSQL_USER - assumed 'SAE_MYSQL_USER' D:\wamp\www\php\chenqiuyuan\HOME_PAGE\Application\Home\Conf\config.php 第 7 行.
NOTIC: [8] Use of undefined constant SAE_MYSQL_PASS - assumed 'SAE_MYSQL_PASS' D:\wamp\www\php\chenqiuyuan\HOME_PAGE\Application\Home\Conf\config.php 第 8 行.
NOTIC: [8] Use of undefined constant SAE_MYSQL_PORT - assumed 'SAE_MYSQL_PORT' D:\wamp\www\php\chenqiuyuan\HOME_PAGE\Application\Home\Conf\config.php 第 9 行.
INFO: [ app_begin ] --START--
INFO: Run Behavior\ReadHtmlCacheBehavior [ RunTime:0.000507s ]
INFO: [ app_begin ] --END-- [ RunTime:0.000645s ]
INFO: [ view_parse ] --START--
INFO: [ template_filter ] --START--
INFO: Run Behavior\ContentReplaceBehavior [ RunTime:0.000233s ]
INFO: [ template_filter ] --END-- [ RunTime:0.000661s ]
INFO: Run Behavior\ParseTemplateBehavior [ RunTime:0.065842s ]
INFO: [ view_parse ] --END-- [ RunTime:0.066046s ]
INFO: [ view_filter ] --START--
INFO: Run Behavior\WriteHtmlCacheBehavior [ RunTime:0.000478s ]
INFO: [ view_filter ] --END-- [ RunTime:0.000651s ]
INFO: [ app_end ] --START--
INFO: Run Behavior\ShowPageTraceBehavior [ RunTime:0.000701s ]
INFO: [ app_end ] --END-- [ RunTime:0.000887s ]

[ 2016-04-24T22:02:37+08:00 ] ::1 /php/chenqiuyuan/HOME_PAGE/index.php/Home/Contact/index
INFO: [ app_init ] --START--
INFO: Run Behavior\BuildLiteBehavior [ RunTime:0.000030s ]
INFO: [ app_init ] --END-- [ RunTime:0.000501s ]
NOTIC: [8] Use of undefined constant SAE_MYSQL_HOST_M - assumed 'SAE_MYSQL_HOST_M' D:\wamp\www\php\chenqiuyuan\HOME_PAGE\Application\Home\Conf\config.php 第 5 行.
NOTIC: [8] Use of undefined constant SAE_MYSQL_USER - assumed 'SAE_MYSQL_USER' D:\wamp\www\php\chenqiuyuan\HOME_PAGE\Application\Home\Conf\config.php 第 7 行.
NOTIC: [8] Use of undefined constant SAE_MYSQL_PASS - assumed 'SAE_MYSQL_PASS' D:\wamp\www\php\chenqiuyuan\HOME_PAGE\Application\Home\Conf\config.php 第 8 行.
NOTIC: [8] Use of undefined constant SAE_MYSQL_PORT - assumed 'SAE_MYSQL_PORT' D:\wamp\www\php\chenqiuyuan\HOME_PAGE\Application\Home\Conf\config.php 第 9 行.
INFO: [ app_begin ] --START--
INFO: Run Behavior\ReadHtmlCacheBehavior [ RunTime:0.000614s ]
INFO: [ app_begin ] --END-- [ RunTime:0.000720s ]
INFO: [ view_parse ] --START--
INFO: [ template_filter ] --START--
INFO: Run Behavior\ContentReplaceBehavior [ RunTime:0.000059s ]
INFO: [ template_filter ] --END-- [ RunTime:0.000161s ]
INFO: Run Behavior\ParseTemplateBehavior [ RunTime:0.007080s ]
INFO: [ view_parse ] --END-- [ RunTime:0.007194s ]
INFO: [ view_filter ] --START--
INFO: Run Behavior\WriteHtmlCacheBehavior [ RunTime:0.000543s ]
INFO: [ view_filter ] --END-- [ RunTime:0.000657s ]
INFO: [ app_end ] --START--
INFO: Run Behavior\ShowPageTraceBehavior [ RunTime:0.000628s ]
INFO: [ app_end ] --END-- [ RunTime:0.000743s ]

[ 2016-04-24T22:21:09+08:00 ] ::1 /php/chenqiuyuan/HOME_PAGE/index.php/Home/Contact/index
INFO: [ app_init ] --START--
INFO: Run Behavior\BuildLiteBehavior [ RunTime:0.000023s ]
INFO: [ app_init ] --END-- [ RunTime:0.000449s ]
NOTIC: [8] Use of undefined constant SAE_MYSQL_HOST_M - assumed 'SAE_MYSQL_HOST_M' D:\wamp\www\php\chenqiuyuan\HOME_PAGE\Application\Home\Conf\config.php 第 5 行.
NOTIC: [8] Use of undefined constant SAE_MYSQL_USER - assumed 'SAE_MYSQL_USER' D:\wamp\www\php\chenqiuyuan\HOME_PAGE\Application\Home\Conf\config.php 第 7 行.
NOTIC: [8] Use of undefined constant SAE_MYSQL_PASS - assumed 'SAE_MYSQL_PASS' D:\wamp\www\php\chenqiuyuan\HOME_PAGE\Application\Home\Conf\config.php 第 8 行.
NOTIC: [8] Use of undefined constant SAE_MYSQL_PORT - assumed 'SAE_MYSQL_PORT' D:\wamp\www\php\chenqiuyuan\HOME_PAGE\Application\Home\Conf\config.php 第 9 行.
INFO: [ app_begin ] --START--
INFO: Run Behavior\ReadHtmlCacheBehavior [ RunTime:0.000629s ]
INFO: [ app_begin ] --END-- [ RunTime:0.000752s ]
INFO: [ view_parse ] --START--
INFO: [ template_filter ] --START--
INFO: Run Behavior\ContentReplaceBehavior [ RunTime:0.000059s ]
INFO: [ template_filter ] --END-- [ RunTime:0.000165s ]
INFO: Run Behavior\ParseTemplateBehavior [ RunTime:0.015395s ]
INFO: [ view_parse ] --END-- [ RunTime:0.015534s ]
INFO: [ view_filter ] --START--
INFO: Run Behavior\WriteHtmlCacheBehavior [ RunTime:0.000454s ]
INFO: [ view_filter ] --END-- [ RunTime:0.000551s ]
INFO: [ app_end ] --START--
INFO: Run Behavior\ShowPageTraceBehavior [ RunTime:0.000560s ]
INFO: [ app_end ] --END-- [ RunTime:0.000657s ]

