[ 2016-04-21T19:03:57+08:00 ] 127.0.0.1 /php/chenqiuyuan/HOME_PAGE/index.php
INFO: [ app_init ] --START--
INFO: Run Behavior\BuildLiteBehavior [ RunTime:0.000035s ]
INFO: [ app_init ] --END-- [ RunTime:0.006063s ]
NOTIC: [8] Use of undefined constant SAE_MYSQL_HOST_M - assumed 'SAE_MYSQL_HOST_M' D:\wamp\www\php\chenqiuyuan\HOME_PAGE\Application\Home\Conf\config.php ç¬¬ 5 è¡Œ.
NOTIC: [8] Use of undefined constant SAE_MYSQL_USER - assumed 'SAE_MYSQL_USER' D:\wamp\www\php\chenqiuyuan\HOME_PAGE\Application\Home\Conf\config.php ç¬¬ 7 è¡Œ.
NOTIC: [8] Use of undefined constant SAE_MYSQL_PASS - assumed 'SAE_MYSQL_PASS' D:\wamp\www\php\chenqiuyuan\HOME_PAGE\Application\Home\Conf\config.php ç¬¬ 8 è¡Œ.
NOTIC: [8] Use of undefined constant SAE_MYSQL_PORT - assumed 'SAE_MYSQL_PORT' D:\wamp\www\php\chenqiuyuan\HOME_PAGE\Application\Home\Conf\config.php ç¬¬ 9 è¡Œ.
INFO: [ app_begin ] --START--
INFO: Run Behavior\ReadHtmlCacheBehavior [ RunTime:0.006789s ]
INFO: [ app_begin ] --END-- [ RunTime:0.006943s ]
INFO: [ view_parse ] --START--
INFO: [ template_filter ] --START--
INFO: Run Behavior\ContentReplaceBehavior [ RunTime:0.000071s ]
INFO: [ template_filter ] --END-- [ RunTime:0.000194s ]
INFO: Run Behavior\ParseTemplateBehavior [ RunTime:0.070203s ]
INFO: [ view_parse ] --END-- [ RunTime:0.070348s ]
INFO: [ view_filter ] --START--
INFO: Run Behavior\WriteHtmlCacheBehavior [ RunTime:0.004477s ]
INFO: [ view_filter ] --END-- [ RunTime:0.004601s ]
INFO: [ app_end ] --START--
INFO: Run Behavior\ShowPageTraceBehavior [ RunTime:0.004571s ]
INFO: [ app_end ] --END-- [ RunTime:0.004683s ]

[ 2016-04-21T19:04:02+08:00 ] 127.0.0.1 /php/chenqiuyuan/HOME_PAGE/index.php
INFO: [ app_init ] --START--
INFO: Run Behavior\BuildLiteBehavior [ RunTime:0.000039s ]
INFO: [ app_init ] --END-- [ RunTime:0.000629s ]
NOTIC: [8] Use of undefined constant SAE_MYSQL_HOST_M - assumed 'SAE_MYSQL_HOST_M' D:\wamp\www\php\chenqiuyuan\HOME_PAGE\Application\Home\Conf\config.php ç¬¬ 5 è¡Œ.
NOTIC: [8] Use of undefined constant SAE_MYSQL_USER - assumed 'SAE_MYSQL_USER' D:\wamp\www\php\chenqiuyuan\HOME_PAGE\Application\Home\Conf\config.php ç¬¬ 7 è¡Œ.
NOTIC: [8] Use of undefined constant SAE_MYSQL_PASS - assumed 'SAE_MYSQL_PASS' D:\wamp\www\php\chenqiuyuan\HOME_PAGE\Application\Home\Conf\config.php ç¬¬ 8 è¡Œ.
NOTIC: [8] Use of undefined constant SAE_MYSQL_PORT - assumed 'SAE_MYSQL_PORT' D:\wamp\www\php\chenqiuyuan\HOME_PAGE\Application\Home\Conf\config.php ç¬¬ 9 è¡Œ.
INFO: [ app_begin ] --START--
INFO: Run Behavior\ReadHtmlCacheBehavior [ RunTime:0.000757s ]
INFO: [ app_begin ] --END-- [ RunTime:0.000936s ]
INFO: [ view_parse ] --START--
INFO: [ template_filter ] --START--
INFO: Run Behavior\ContentReplaceBehavior [ RunTime:0.000102s ]
INFO: [ template_filter ] --END-- [ RunTime:0.000275s ]
INFO: Run Behavior\ParseTemplateBehavior [ RunTime:0.009950s ]
INFO: [ view_parse ] --END-- [ RunTime:0.010123s ]
INFO: [ view_filter ] --START--
INFO: Run Behavior\WriteHtmlCacheBehavior [ RunTime:0.000406s ]
INFO: [ view_filter ] --END-- [ RunTime:0.000564s ]
INFO: [ app_end ] --START--
INFO: Run Behavior\ShowPageTraceBehavior [ RunTime:0.000753s ]
INFO: [ app_end ] --END-- [ RunTime:0.000914s ]

[ 2016-04-21T19:04:34+08:00 ] 127.0.0.1 /php/chenqiuyuan/HOME_PAGE/index.php
INFO: [ app_init ] --START--
INFO: Run Behavior\BuildLiteBehavior [ RunTime:0.000056s ]
INFO: [ app_init ] --END-- [ RunTime:0.000925s ]
NOTIC: [8] Use of undefined constant SAE_MYSQL_HOST_M - assumed 'SAE_MYSQL_HOST_M' D:\wamp\www\php\chenqiuyuan\HOME_PAGE\Application\Home\Conf\config.php ç¬¬ 5 è¡Œ.
NOTIC: [8] Use of undefined constant SAE_MYSQL_USER - assumed 'SAE_MYSQL_USER' D:\wamp\www\php\chenqiuyuan\HOME_PAGE\Application\Home\Conf\config.php ç¬¬ 7 è¡Œ.
NOTIC: [8] Use of undefined constant SAE_MYSQL_PASS - assumed 'SAE_MYSQL_PASS' D:\wamp\www\php\chenqiuyuan\HOME_PAGE\Application\Home\Conf\config.php ç¬¬ 8 è¡Œ.
NOTIC: [8] Use of undefined constant SAE_MYSQL_PORT - assumed 'SAE_MYSQL_PORT' D:\wamp\www\php\chenqiuyuan\HOME_PAGE\Application\Home\Conf\config.php ç¬¬ 9 è¡Œ.
INFO: [ app_begin ] --START--
INFO: Run Behavior\ReadHtmlCacheBehavior [ RunTime:0.001115s ]
INFO: [ app_begin ] --END-- [ RunTime:0.001382s ]
INFO: [ view_parse ] --START--
INFO: [ template_filter ] --START--
INFO: Run Behavior\ContentReplaceBehavior [ RunTime:0.000089s ]
INFO: [ template_filter ] --END-- [ RunTime:0.000210s ]
INFO: Run Behavior\ParseTemplateBehavior [ RunTime:0.007099s ]
INFO: [ view_parse ] --END-- [ RunTime:0.007290s ]
INFO: [ view_filter ] --START--
INFO: Run Behavior\WriteHtmlCacheBehavior [ RunTime:0.000267s ]
INFO: [ view_filter ] --END-- [ RunTime:0.000367s ]
INFO: [ app_end ] --START--
INFO: Run Behavior\ShowPageTraceBehavior [ RunTime:0.000605s ]
INFO: [ app_end ] --END-- [ RunTime:0.000708s ]

[ 2016-04-21T19:05:56+08:00 ] 127.0.0.1 /php/chenqiuyuan/HOME_PAGE/index.php
INFO: [ app_init ] --START--
INFO: Run Behavior\BuildLiteBehavior [ RunTime:0.000043s ]
INFO: [ app_init ] --END-- [ RunTime:0.000715s ]
NOTIC: [8] Use of undefined constant SAE_MYSQL_HOST_M - assumed 'SAE_MYSQL_HOST_M' D:\wamp\www\php\chenqiuyuan\HOME_PAGE\Application\Home\Conf\config.php ç¬¬ 5 è¡Œ.
NOTIC: [8] Use of undefined constant SAE_MYSQL_USER - assumed 'SAE_MYSQL_USER' D:\wamp\www\php\chenqiuyuan\HOME_PAGE\Application\Home\Conf\config.php ç¬¬ 7 è¡Œ.
NOTIC: [8] Use of undefined constant SAE_MYSQL_PASS - assumed 'SAE_MYSQL_PASS' D:\wamp\www\php\chenqiuyuan\HOME_PAGE\Application\Home\Conf\config.php ç¬¬ 8 è¡Œ.
NOTIC: [8] Use of undefined constant SAE_MYSQL_PORT - assumed 'SAE_MYSQL_PORT' D:\wamp\www\php\chenqiuyuan\HOME_PAGE\Application\Home\Conf\config.php ç¬¬ 9 è¡Œ.
INFO: [ app_begin ] --START--
INFO: Run Behavior\ReadHtmlCacheBehavior [ RunTime:0.000869s ]
INFO: [ app_begin ] --END-- [ RunTime:0.001081s ]
INFO: [ view_parse ] --START--
INFO: [ template_filter ] --START--
INFO: Run Behavior\ContentReplaceBehavior [ RunTime:0.000115s ]
INFO: [ template_filter ] --END-- [ RunTime:0.000310s ]
INFO: Run Behavior\ParseTemplateBehavior [ RunTime:0.011505s ]
INFO: [ view_parse ] --END-- [ RunTime:0.011704s ]
INFO: [ view_filter ] --START--
INFO: Run Behavior\WriteHtmlCacheBehavior [ RunTime:0.000462s ]
INFO: [ view_filter ] --END-- [ RunTime:0.000647s ]
INFO: [ app_end ] --START--
INFO: Run Behavior\ShowPageTraceBehavior [ RunTime:0.000872s ]
INFO: [ app_end ] --END-- [ RunTime:0.001060s ]

[ 2016-04-21T19:06:15+08:00 ] 127.0.0.1 /php/chenqiuyuan/HOME_PAGE/index.php/Home/Subtitle/debt
INFO: [ app_init ] --START--
INFO: Run Behavior\BuildLiteBehavior [ RunTime:0.000033s ]
INFO: [ app_init ] --END-- [ RunTime:0.000668s ]
NOTIC: [8] Use of undefined constant SAE_MYSQL_HOST_M - assumed 'SAE_MYSQL_HOST_M' D:\wamp\www\php\chenqiuyuan\HOME_PAGE\Application\Home\Conf\config.php ç¬¬ 5 è¡Œ.
NOTIC: [8] Use of undefined constant SAE_MYSQL_USER - assumed 'SAE_MYSQL_USER' D:\wamp\www\php\chenqiuyuan\HOME_PAGE\Application\Home\Conf\config.php ç¬¬ 7 è¡Œ.
NOTIC: [8] Use of undefined constant SAE_MYSQL_PASS - assumed 'SAE_MYSQL_PASS' D:\wamp\www\php\chenqiuyuan\HOME_PAGE\Application\Home\Conf\config.php ç¬¬ 8 è¡Œ.
NOTIC: [8] Use of undefined constant SAE_MYSQL_PORT - assumed 'SAE_MYSQL_PORT' D:\wamp\www\php\chenqiuyuan\HOME_PAGE\Application\Home\Conf\config.php ç¬¬ 9 è¡Œ.
INFO: [ app_begin ] --START--
INFO: Run Behavior\ReadHtmlCacheBehavior [ RunTime:0.000953s ]
INFO: [ app_begin ] --END-- [ RunTime:0.001117s ]
INFO: [ view_parse ] --START--
INFO: [ template_filter ] --START--
INFO: Run Behavior\ContentReplaceBehavior [ RunTime:0.000065s ]
INFO: [ template_filter ] --END-- [ RunTime:0.000174s ]
INFO: Run Behavior\ParseTemplateBehavior [ RunTime:0.037271s ]
INFO: [ view_parse ] --END-- [ RunTime:0.037404s ]
INFO: [ view_filter ] --START--
INFO: Run Behavior\WriteHtmlCacheBehavior [ RunTime:0.000446s ]
INFO: [ view_filter ] --END-- [ RunTime:0.000544s ]
INFO: [ app_end ] --START--
INFO: Run Behavior\ShowPageTraceBehavior [ RunTime:0.000637s ]
INFO: [ app_end ] --END-- [ RunTime:0.000760s ]

[ 2016-04-21T19:06:17+08:00 ] 127.0.0.1 /php/chenqiuyuan/HOME_PAGE/index.php/
INFO: [ app_init ] --START--
INFO: Run Behavior\BuildLiteBehavior [ RunTime:0.000032s ]
INFO: [ app_init ] --END-- [ RunTime:0.000649s ]
NOTIC: [8] Use of undefined constant SAE_MYSQL_HOST_M - assumed 'SAE_MYSQL_HOST_M' D:\wamp\www\php\chenqiuyuan\HOME_PAGE\Application\Home\Conf\config.php ç¬¬ 5 è¡Œ.
NOTIC: [8] Use of undefined constant SAE_MYSQL_USER - assumed 'SAE_MYSQL_USER' D:\wamp\www\php\chenqiuyuan\HOME_PAGE\Application\Home\Conf\config.php ç¬¬ 7 è¡Œ.
NOTIC: [8] Use of undefined constant SAE_MYSQL_PASS - assumed 'SAE_MYSQL_PASS' D:\wamp\www\php\chenqiuyuan\HOME_PAGE\Application\Home\Conf\config.php ç¬¬ 8 è¡Œ.
NOTIC: [8] Use of undefined constant SAE_MYSQL_PORT - assumed 'SAE_MYSQL_PORT' D:\wamp\www\php\chenqiuyuan\HOME_PAGE\Application\Home\Conf\config.php ç¬¬ 9 è¡Œ.
INFO: [ app_begin ] --START--
INFO: Run Behavior\ReadHtmlCacheBehavior [ RunTime:0.000953s ]
INFO: [ app_begin ] --END-- [ RunTime:0.001103s ]
INFO: [ view_parse ] --START--
INFO: [ template_filter ] --START--
INFO: Run Behavior\ContentReplaceBehavior [ RunTime:0.000087s ]
INFO: [ template_filter ] --END-- [ RunTime:0.000190s ]
INFO: Run Behavior\ParseTemplateBehavior [ RunTime:0.008504s ]
INFO: [ view_parse ] --END-- [ RunTime:0.008632s ]
INFO: [ view_filter ] --START--
INFO: Run Behavior\WriteHtmlCacheBehavior [ RunTime:0.000438s ]
INFO: [ view_filter ] --END-- [ RunTime:0.000544s ]
INFO: [ app_end ] --START--
INFO: Run Behavior\ShowPageTraceBehavior [ RunTime:0.000710s ]
INFO: [ app_end ] --END-- [ RunTime:0.000832s ]

[ 2016-04-21T19:06:18+08:00 ] 127.0.0.1 /php/chenqiuyuan/HOME_PAGE/index.php/Home/Subtitle/log
INFO: [ app_init ] --START--
INFO: Run Behavior\BuildLiteBehavior [ RunTime:0.000032s ]
INFO: [ app_init ] --END-- [ RunTime:0.000555s ]
NOTIC: [8] Use of undefined constant SAE_MYSQL_HOST_M - assumed 'SAE_MYSQL_HOST_M' D:\wamp\www\php\chenqiuyuan\HOME_PAGE\Application\Home\Conf\config.php ç¬¬ 5 è¡Œ.
NOTIC: [8] Use of undefined constant SAE_MYSQL_USER - assumed 'SAE_MYSQL_USER' D:\wamp\www\php\chenqiuyuan\HOME_PAGE\Application\Home\Conf\config.php ç¬¬ 7 è¡Œ.
NOTIC: [8] Use of undefined constant SAE_MYSQL_PASS - assumed 'SAE_MYSQL_PASS' D:\wamp\www\php\chenqiuyuan\HOME_PAGE\Application\Home\Conf\config.php ç¬¬ 8 è¡Œ.
NOTIC: [8] Use of undefined constant SAE_MYSQL_PORT - assumed 'SAE_MYSQL_PORT' D:\wamp\www\php\chenqiuyuan\HOME_PAGE\Application\Home\Conf\config.php ç¬¬ 9 è¡Œ.
INFO: [ app_begin ] --START--
INFO: Run Behavior\ReadHtmlCacheBehavior [ RunTime:0.000646s ]
INFO: [ app_begin ] --END-- [ RunTime:0.000798s ]
INFO: [ view_parse ] --START--
INFO: [ template_filter ] --START--
INFO: Run Behavior\ContentReplaceBehavior [ RunTime:0.000080s ]
INFO: [ template_filter ] --END-- [ RunTime:0.000232s ]
INFO: Run Behavior\ParseTemplateBehavior [ RunTime:0.072222s ]
INFO: [ view_parse ] --END-- [ RunTime:0.072384s ]
INFO: [ view_filter ] --START--
INFO: Run Behavior\WriteHtmlCacheBehavior [ RunTime:0.000383s ]
INFO: [ view_filter ] --END-- [ RunTime:0.000521s ]
INFO: [ app_end ] --START--
INFO: Run Behavior\ShowPageTraceBehavior [ RunTime:0.000677s ]
INFO: [ app_end ] --END-- [ RunTime:0.000818s ]

[ 2016-04-21T19:06:22+08:00 ] 127.0.0.1 /php/chenqiuyuan/HOME_PAGE/index.php/Home/Subtitle/debt
INFO: [ app_init ] --START--
INFO: Run Behavior\BuildLiteBehavior [ RunTime:0.000032s ]
INFO: [ app_init ] --END-- [ RunTime:0.000546s ]
NOTIC: [8] Use of undefined constant SAE_MYSQL_HOST_M - assumed 'SAE_MYSQL_HOST_M' D:\wamp\www\php\chenqiuyuan\HOME_PAGE\Application\Home\Conf\config.php ç¬¬ 5 è¡Œ.
NOTIC: [8] Use of undefined constant SAE_MYSQL_USER - assumed 'SAE_MYSQL_USER' D:\wamp\www\php\chenqiuyuan\HOME_PAGE\Application\Home\Conf\config.php ç¬¬ 7 è¡Œ.
NOTIC: [8] Use of undefined constant SAE_MYSQL_PASS - assumed 'SAE_MYSQL_PASS' D:\wamp\www\php\chenqiuyuan\HOME_PAGE\Application\Home\Conf\config.php ç¬¬ 8 è¡Œ.
NOTIC: [8] Use of undefined constant SAE_MYSQL_PORT - assumed 'SAE_MYSQL_PORT' D:\wamp\www\php\chenqiuyuan\HOME_PAGE\Application\Home\Conf\config.php ç¬¬ 9 è¡Œ.
INFO: [ app_begin ] --START--
INFO: Run Behavior\ReadHtmlCacheBehavior [ RunTime:0.000678s ]
INFO: [ app_begin ] --END-- [ RunTime:0.000831s ]
INFO: [ view_parse ] --START--
INFO: [ template_filter ] --START--
INFO: Run Behavior\ContentReplaceBehavior [ RunTime:0.000083s ]
INFO: [ template_filter ] --END-- [ RunTime:0.000224s ]
INFO: Run Behavior\ParseTemplateBehavior [ RunTime:0.008621s ]
INFO: [ view_parse ] --END-- [ RunTime:0.008766s ]
INFO: [ view_filter ] --START--
INFO: Run Behavior\WriteHtmlCacheBehavior [ RunTime:0.000346s ]
INFO: [ view_filter ] --END-- [ RunTime:0.000477s ]
INFO: [ app_end ] --START--
INFO: Run Behavior\ShowPageTraceBehavior [ RunTime:0.000652s ]
INFO: [ app_end ] --END-- [ RunTime:0.000790s ]

[ 2016-04-21T19:06:28+08:00 ] 127.0.0.1 /php/chenqiuyuan/HOME_PAGE/index.php
INFO: [ app_init ] --START--
INFO: Run Behavior\BuildLiteBehavior [ RunTime:0.000057s ]
INFO: [ app_init ] --END-- [ RunTime:0.001134s ]
NOTIC: [8] Use of undefined constant SAE_MYSQL_HOST_M - assumed 'SAE_MYSQL_HOST_M' D:\wamp\www\php\chenqiuyuan\HOME_PAGE\Application\Home\Conf\config.php ç¬¬ 5 è¡Œ.
NOTIC: [8] Use of undefined constant SAE_MYSQL_USER - assumed 'SAE_MYSQL_USER' D:\wamp\www\php\chenqiuyuan\HOME_PAGE\Application\Home\Conf\config.php ç¬¬ 7 è¡Œ.
NOTIC: [8] Use of undefined constant SAE_MYSQL_PASS - assumed 'SAE_MYSQL_PASS' D:\wamp\www\php\chenqiuyuan\HOME_PAGE\Application\Home\Conf\config.php ç¬¬ 8 è¡Œ.
NOTIC: [8] Use of undefined constant SAE_MYSQL_PORT - assumed 'SAE_MYSQL_PORT' D:\wamp\www\php\chenqiuyuan\HOME_PAGE\Application\Home\Conf\config.php ç¬¬ 9 è¡Œ.
INFO: [ app_begin ] --START--
INFO: Run Behavior\ReadHtmlCacheBehavior [ RunTime:0.001637s ]
INFO: [ app_begin ] --END-- [ RunTime:0.001927s ]
INFO: [ view_parse ] --START--
INFO: [ template_filter ] --START--
INFO: Run Behavior\ContentReplaceBehavior [ RunTime:0.000064s ]
INFO: [ template_filter ] --END-- [ RunTime:0.000170s ]
INFO: Run Behavior\ParseTemplateBehavior [ RunTime:0.007862s ]
INFO: [ view_parse ] --END-- [ RunTime:0.007989s ]
INFO: [ view_filter ] --START--
INFO: Run Behavior\WriteHtmlCacheBehavior [ RunTime:0.000445s ]
INFO: [ view_filter ] --END-- [ RunTime:0.000590s ]
INFO: [ app_end ] --START--
INFO: Run Behavior\ShowPageTraceBehavior [ RunTime:0.000706s ]
INFO: [ app_end ] --END-- [ RunTime:0.000809s ]

[ 2016-04-21T19:45:24+08:00 ] ::1 /php/chenqiuyuan/HOME_PAGE/
INFO: [ app_init ] --START--
INFO: Run Behavior\BuildLiteBehavior [ RunTime:0.000028s ]
INFO: [ app_init ] --END-- [ RunTime:0.000698s ]
NOTIC: [8] Use of undefined constant SAE_MYSQL_HOST_M - assumed 'SAE_MYSQL_HOST_M' D:\wamp\www\php\chenqiuyuan\HOME_PAGE\Application\Home\Conf\config.php ç¬¬ 5 è¡Œ.
NOTIC: [8] Use of undefined constant SAE_MYSQL_USER - assumed 'SAE_MYSQL_USER' D:\wamp\www\php\chenqiuyuan\HOME_PAGE\Application\Home\Conf\config.php ç¬¬ 7 è¡Œ.
NOTIC: [8] Use of undefined constant SAE_MYSQL_PASS - assumed 'SAE_MYSQL_PASS' D:\wamp\www\php\chenqiuyuan\HOME_PAGE\Application\Home\Conf\config.php ç¬¬ 8 è¡Œ.
NOTIC: [8] Use of undefined constant SAE_MYSQL_PORT - assumed 'SAE_MYSQL_PORT' D:\wamp\www\php\chenqiuyuan\HOME_PAGE\Application\Home\Conf\config.php ç¬¬ 9 è¡Œ.
INFO: [ app_begin ] --START--
INFO: Run Behavior\ReadHtmlCacheBehavior [ RunTime:0.000884s ]
INFO: [ app_begin ] --END-- [ RunTime:0.000997s ]
INFO: [ view_parse ] --START--
INFO: [ template_filter ] --START--
INFO: Run Behavior\ContentReplaceBehavior [ RunTime:0.000082s ]
INFO: [ template_filter ] --END-- [ RunTime:0.000197s ]
INFO: Run Behavior\ParseTemplateBehavior [ RunTime:0.010190s ]
INFO: [ view_parse ] --END-- [ RunTime:0.010314s ]
INFO: [ view_filter ] --START--
INFO: Run Behavior\WriteHtmlCacheBehavior [ RunTime:0.000603s ]
INFO: [ view_filter ] --END-- [ RunTime:0.000705s ]
INFO: [ app_end ] --START--
INFO: Run Behavior\ShowPageTraceBehavior [ RunTime:0.000805s ]
INFO: [ app_end ] --END-- [ RunTime:0.000911s ]

[ 2016-04-21T19:45:28+08:00 ] ::1 /php/chenqiuyuan/HOME_PAGE/
INFO: [ app_init ] --START--
INFO: Run Behavior\BuildLiteBehavior [ RunTime:0.000034s ]
INFO: [ app_init ] --END-- [ RunTime:0.000651s ]
NOTIC: [8] Use of undefined constant SAE_MYSQL_HOST_M - assumed 'SAE_MYSQL_HOST_M' D:\wamp\www\php\chenqiuyuan\HOME_PAGE\Application\Home\Conf\config.php ç¬¬ 5 è¡Œ.
NOTIC: [8] Use of undefined constant SAE_MYSQL_USER - assumed 'SAE_MYSQL_USER' D:\wamp\www\php\chenqiuyuan\HOME_PAGE\Application\Home\Conf\config.php ç¬¬ 7 è¡Œ.
NOTIC: [8] Use of undefined constant SAE_MYSQL_PASS - assumed 'SAE_MYSQL_PASS' D:\wamp\www\php\chenqiuyuan\HOME_PAGE\Application\Home\Conf\config.php ç¬¬ 8 è¡Œ.
NOTIC: [8] Use of undefined constant SAE_MYSQL_PORT - assumed 'SAE_MYSQL_PORT' D:\wamp\www\php\chenqiuyuan\HOME_PAGE\Application\Home\Conf\config.php ç¬¬ 9 è¡Œ.
INFO: [ app_begin ] --START--
INFO: Run Behavior\ReadHtmlCacheBehavior [ RunTime:0.001052s ]
INFO: [ app_begin ] --END-- [ RunTime:0.001201s ]
INFO: [ view_parse ] --START--
INFO: [ template_filter ] --START--
INFO: Run Behavior\ContentReplaceBehavior [ RunTime:0.000068s ]
INFO: [ template_filter ] --END-- [ RunTime:0.000180s ]
INFO: Run Behavior\ParseTemplateBehavior [ RunTime:0.010499s ]
INFO: [ view_parse ] --END-- [ RunTime:0.010622s ]
INFO: [ view_filter ] --START--
INFO: Run Behavior\WriteHtmlCacheBehavior [ RunTime:0.000638s ]
INFO: [ view_filter ] --END-- [ RunTime:0.000752s ]
INFO: [ app_end ] --START--
INFO: Run Behavior\ShowPageTraceBehavior [ RunTime:0.000812s ]
INFO: [ app_end ] --END-- [ RunTime:0.000917s ]

[ 2016-04-21T19:45:33+08:00 ] ::1 /php/chenqiuyuan/HOME_PAGE/
INFO: [ app_init ] --START--
INFO: Run Behavior\BuildLiteBehavior [ RunTime:0.000033s ]
INFO: [ app_init ] --END-- [ RunTime:0.000651s ]
NOTIC: [8] Use of undefined constant SAE_MYSQL_HOST_M - assumed 'SAE_MYSQL_HOST_M' D:\wamp\www\php\chenqiuyuan\HOME_PAGE\Application\Home\Conf\config.php ç¬¬ 5 è¡Œ.
NOTIC: [8] Use of undefined constant SAE_MYSQL_USER - assumed 'SAE_MYSQL_USER' D:\wamp\www\php\chenqiuyuan\HOME_PAGE\Application\Home\Conf\config.php ç¬¬ 7 è¡Œ.
NOTIC: [8] Use of undefined constant SAE_MYSQL_PASS - assumed 'SAE_MYSQL_PASS' D:\wamp\www\php\chenqiuyuan\HOME_PAGE\Application\Home\Conf\config.php ç¬¬ 8 è¡Œ.
NOTIC: [8] Use of undefined constant SAE_MYSQL_PORT - assumed 'SAE_MYSQL_PORT' D:\wamp\www\php\chenqiuyuan\HOME_PAGE\Application\Home\Conf\config.php ç¬¬ 9 è¡Œ.
INFO: [ app_begin ] --START--
INFO: Run Behavior\ReadHtmlCacheBehavior [ RunTime:0.001047s ]
INFO: [ app_begin ] --END-- [ RunTime:0.001193s ]
INFO: [ view_parse ] --START--
INFO: [ template_filter ] --START--
INFO: Run Behavior\ContentReplaceBehavior [ RunTime:0.000069s ]
INFO: [ template_filter ] --END-- [ RunTime:0.000186s ]
INFO: Run Behavior\ParseTemplateBehavior [ RunTime:0.010542s ]
INFO: [ view_parse ] --END-- [ RunTime:0.010676s ]
INFO: [ view_filter ] --START--
INFO: Run Behavior\WriteHtmlCacheBehavior [ RunTime:0.000638s ]
INFO: [ view_filter ] --END-- [ RunTime:0.000744s ]
INFO: [ app_end ] --START--
INFO: Run Behavior\ShowPageTraceBehavior [ RunTime:0.000811s ]
INFO: [ app_end ] --END-- [ RunTime:0.000916s ]

[ 2016-04-21T19:45:36+08:00 ] ::1 /php/chenqiuyuan/HOME_PAGE/
INFO: [ app_init ] --START--
INFO: Run Behavior\BuildLiteBehavior [ RunTime:0.000033s ]
INFO: [ app_init ] --END-- [ RunTime:0.000651s ]
NOTIC: [8] Use of undefined constant SAE_MYSQL_HOST_M - assumed 'SAE_MYSQL_HOST_M' D:\wamp\www\php\chenqiuyuan\HOME_PAGE\Application\Home\Conf\config.php ç¬¬ 5 è¡Œ.
NOTIC: [8] Use of undefined constant SAE_MYSQL_USER - assumed 'SAE_MYSQL_USER' D:\wamp\www\php\chenqiuyuan\HOME_PAGE\Application\Home\Conf\config.php ç¬¬ 7 è¡Œ.
NOTIC: [8] Use of undefined constant SAE_MYSQL_PASS - assumed 'SAE_MYSQL_PASS' D:\wamp\www\php\chenqiuyuan\HOME_PAGE\Application\Home\Conf\config.php ç¬¬ 8 è¡Œ.
NOTIC: [8] Use of undefined constant SAE_MYSQL_PORT - assumed 'SAE_MYSQL_PORT' D:\wamp\www\php\chenqiuyuan\HOME_PAGE\Application\Home\Conf\config.php ç¬¬ 9 è¡Œ.
INFO: [ app_begin ] --START--
INFO: Run Behavior\ReadHtmlCacheBehavior [ RunTime:0.001050s ]
INFO: [ app_begin ] --END-- [ RunTime:0.001198s ]
INFO: [ view_parse ] --START--
INFO: [ template_filter ] --START--
INFO: Run Behavior\ContentReplaceBehavior [ RunTime:0.000090s ]
INFO: [ template_filter ] --END-- [ RunTime:0.000242s ]
INFO: Run Behavior\ParseTemplateBehavior [ RunTime:0.012471s ]
INFO: [ view_parse ] --END-- [ RunTime:0.012618s ]
INFO: [ view_filter ] --START--
INFO: Run Behavior\WriteHtmlCacheBehavior [ RunTime:0.000784s ]
INFO: [ view_filter ] --END-- [ RunTime:0.000919s ]
INFO: [ app_end ] --START--
INFO: Run Behavior\ShowPageTraceBehavior [ RunTime:0.001060s ]
INFO: [ app_end ] --END-- [ RunTime:0.001199s ]

[ 2016-04-21T20:45:57+08:00 ] ::1 /php/chenqiuyuan/HOME_PAGE/index.php
INFO: [ app_init ] --START--
INFO: Run Behavior\BuildLiteBehavior [ RunTime:0.000031s ]
INFO: [ app_init ] --END-- [ RunTime:0.019560s ]
NOTIC: [8] Use of undefined constant SAE_MYSQL_HOST_M - assumed 'SAE_MYSQL_HOST_M' D:\wamp\www\php\chenqiuyuan\HOME_PAGE\Application\Home\Conf\config.php ç¬¬ 5 è¡Œ.
NOTIC: [8] Use of undefined constant SAE_MYSQL_USER - assumed 'SAE_MYSQL_USER' D:\wamp\www\php\chenqiuyuan\HOME_PAGE\Application\Home\Conf\config.php ç¬¬ 7 è¡Œ.
NOTIC: [8] Use of undefined constant SAE_MYSQL_PASS - assumed 'SAE_MYSQL_PASS' D:\wamp\www\php\chenqiuyuan\HOME_PAGE\Application\Home\Conf\config.php ç¬¬ 8 è¡Œ.
NOTIC: [8] Use of undefined constant SAE_MYSQL_PORT - assumed 'SAE_MYSQL_PORT' D:\wamp\www\php\chenqiuyuan\HOME_PAGE\Application\Home\Conf\config.php ç¬¬ 9 è¡Œ.
INFO: [ app_begin ] --START--
INFO: Run Behavior\ReadHtmlCacheBehavior [ RunTime:0.009753s ]
INFO: [ app_begin ] --END-- [ RunTime:0.009940s ]
INFO: [ view_parse ] --START--
INFO: [ template_filter ] --START--
INFO: Run Behavior\ContentReplaceBehavior [ RunTime:0.000065s ]
INFO: [ template_filter ] --END-- [ RunTime:0.000177s ]
INFO: Run Behavior\ParseTemplateBehavior [ RunTime:0.147712s ]
INFO: [ view_parse ] --END-- [ RunTime:0.147857s ]
INFO: [ view_filter ] --START--
INFO: Run Behavior\WriteHtmlCacheBehavior [ RunTime:0.012759s ]
INFO: [ view_filter ] --END-- [ RunTime:0.012899s ]
INFO: [ app_end ] --START--
INFO: Run Behavior\ShowPageTraceBehavior [ RunTime:0.013732s ]
INFO: [ app_end ] --END-- [ RunTime:0.013892s ]

[ 2016-04-21T20:46:00+08:00 ] ::1 /php/chenqiuyuan/HOME_PAGE/index.php
INFO: [ app_init ] --START--
INFO: Run Behavior\BuildLiteBehavior [ RunTime:0.000023s ]
INFO: [ app_init ] --END-- [ RunTime:0.000805s ]
NOTIC: [8] Use of undefined constant SAE_MYSQL_HOST_M - assumed 'SAE_MYSQL_HOST_M' D:\wamp\www\php\chenqiuyuan\HOME_PAGE\Application\Home\Conf\config.php ç¬¬ 5 è¡Œ.
NOTIC: [8] Use of undefined constant SAE_MYSQL_USER - assumed 'SAE_MYSQL_USER' D:\wamp\www\php\chenqiuyuan\HOME_PAGE\Application\Home\Conf\config.php ç¬¬ 7 è¡Œ.
NOTIC: [8] Use of undefined constant SAE_MYSQL_PASS - assumed 'SAE_MYSQL_PASS' D:\wamp\www\php\chenqiuyuan\HOME_PAGE\Application\Home\Conf\config.php ç¬¬ 8 è¡Œ.
NOTIC: [8] Use of undefined constant SAE_MYSQL_PORT - assumed 'SAE_MYSQL_PORT' D:\wamp\www\php\chenqiuyuan\HOME_PAGE\Application\Home\Conf\config.php ç¬¬ 9 è¡Œ.
INFO: [ app_begin ] --START--
INFO: Run Behavior\ReadHtmlCacheBehavior [ RunTime:0.002099s ]
INFO: [ app_begin ] --END-- [ RunTime:0.002213s ]
INFO: [ view_parse ] --START--
INFO: [ template_filter ] --START--
INFO: Run Behavior\ContentReplaceBehavior [ RunTime:0.000058s ]
INFO: [ template_filter ] --END-- [ RunTime:0.000158s ]
INFO: Run Behavior\ParseTemplateBehavior [ RunTime:0.013951s ]
INFO: [ view_parse ] --END-- [ RunTime:0.014124s ]
INFO: [ view_filter ] --START--
INFO: Run Behavior\WriteHtmlCacheBehavior [ RunTime:0.002208s ]
INFO: [ view_filter ] --END-- [ RunTime:0.002327s ]
INFO: [ app_end ] --START--
INFO: Run Behavior\ShowPageTraceBehavior [ RunTime:0.002104s ]
INFO: [ app_end ] --END-- [ RunTime:0.002206s ]

[ 2016-04-21T20:46:11+08:00 ] ::1 /php/chenqiuyuan/HOME_PAGE/index.php
INFO: [ app_init ] --START--
INFO: Run Behavior\BuildLiteBehavior [ RunTime:0.000030s ]
INFO: [ app_init ] --END-- [ RunTime:0.000841s ]
NOTIC: [8] Use of undefined constant SAE_MYSQL_HOST_M - assumed 'SAE_MYSQL_HOST_M' D:\wamp\www\php\chenqiuyuan\HOME_PAGE\Application\Home\Conf\config.php ç¬¬ 5 è¡Œ.
NOTIC: [8] Use of undefined constant SAE_MYSQL_USER - assumed 'SAE_MYSQL_USER' D:\wamp\www\php\chenqiuyuan\HOME_PAGE\Application\Home\Conf\config.php ç¬¬ 7 è¡Œ.
NOTIC: [8] Use of undefined constant SAE_MYSQL_PASS - assumed 'SAE_MYSQL_PASS' D:\wamp\www\php\chenqiuyuan\HOME_PAGE\Application\Home\Conf\config.php ç¬¬ 8 è¡Œ.
NOTIC: [8] Use of undefined constant SAE_MYSQL_PORT - assumed 'SAE_MYSQL_PORT' D:\wamp\www\php\chenqiuyuan\HOME_PAGE\Application\Home\Conf\config.php ç¬¬ 9 è¡Œ.
INFO: [ app_begin ] --START--
INFO: Run Behavior\ReadHtmlCacheBehavior [ RunTime:0.002094s ]
INFO: [ app_begin ] --END-- [ RunTime:0.002204s ]
INFO: [ view_parse ] --START--
INFO: [ template_filter ] --START--
INFO: Run Behavior\ContentReplaceBehavior [ RunTime:0.000071s ]
INFO: [ template_filter ] --END-- [ RunTime:0.000201s ]
INFO: Run Behavior\ParseTemplateBehavior [ RunTime:0.015176s ]
INFO: [ view_parse ] --END-- [ RunTime:0.015309s ]
INFO: [ view_filter ] --START--
INFO: Run Behavior\WriteHtmlCacheBehavior [ RunTime:0.001997s ]
INFO: [ view_filter ] --END-- [ RunTime:0.002102s ]
INFO: [ app_end ] --START--
INFO: Run Behavior\ShowPageTraceBehavior [ RunTime:0.002229s ]
INFO: [ app_end ] --END-- [ RunTime:0.002336s ]

[ 2016-04-21T20:46:28+08:00 ] ::1 /php/chenqiuyuan/HOME_PAGE/index.php/Home/Subtitle/physical_index
INFO: [ app_init ] --START--
INFO: Run Behavior\BuildLiteBehavior [ RunTime:0.000023s ]
INFO: [ app_init ] --END-- [ RunTime:0.000911s ]
NOTIC: [8] Use of undefined constant SAE_MYSQL_HOST_M - assumed 'SAE_MYSQL_HOST_M' D:\wamp\www\php\chenqiuyuan\HOME_PAGE\Application\Home\Conf\config.php ç¬¬ 5 è¡Œ.
NOTIC: [8] Use of undefined constant SAE_MYSQL_USER - assumed 'SAE_MYSQL_USER' D:\wamp\www\php\chenqiuyuan\HOME_PAGE\Application\Home\Conf\config.php ç¬¬ 7 è¡Œ.
NOTIC: [8] Use of undefined constant SAE_MYSQL_PASS - assumed 'SAE_MYSQL_PASS' D:\wamp\www\php\chenqiuyuan\HOME_PAGE\Application\Home\Conf\config.php ç¬¬ 8 è¡Œ.
NOTIC: [8] Use of undefined constant SAE_MYSQL_PORT - assumed 'SAE_MYSQL_PORT' D:\wamp\www\php\chenqiuyuan\HOME_PAGE\Application\Home\Conf\config.php ç¬¬ 9 è¡Œ.
INFO: [ app_begin ] --START--
INFO: Run Behavior\ReadHtmlCacheBehavior [ RunTime:0.002630s ]
INFO: [ app_begin ] --END-- [ RunTime:0.002736s ]
INFO: [ view_parse ] --START--
INFO: [ template_filter ] --START--
INFO: Run Behavior\ContentReplaceBehavior [ RunTime:0.000059s ]
INFO: [ template_filter ] --END-- [ RunTime:0.000171s ]
INFO: Run Behavior\ParseTemplateBehavior [ RunTime:0.080279s ]
INFO: [ view_parse ] --END-- [ RunTime:0.080590s ]
INFO: [ view_filter ] --START--
INFO: Run Behavior\WriteHtmlCacheBehavior [ RunTime:0.002499s ]
INFO: [ view_filter ] --END-- [ RunTime:0.002614s ]
INFO: [ app_end ] --START--
INFO: Run Behavior\ShowPageTraceBehavior [ RunTime:0.002572s ]
INFO: [ app_end ] --END-- [ RunTime:0.002685s ]

[ 2016-04-21T20:46:51+08:00 ] ::1 /php/chenqiuyuan/HOME_PAGE/index.php
INFO: [ app_init ] --START--
INFO: Run Behavior\BuildLiteBehavior [ RunTime:0.000057s ]
INFO: [ app_init ] --END-- [ RunTime:0.000713s ]
NOTIC: [8] Use of undefined constant SAE_MYSQL_HOST_M - assumed 'SAE_MYSQL_HOST_M' D:\wamp\www\php\chenqiuyuan\HOME_PAGE\Application\Home\Conf\config.php ç¬¬ 5 è¡Œ.
NOTIC: [8] Use of undefined constant SAE_MYSQL_USER - assumed 'SAE_MYSQL_USER' D:\wamp\www\php\chenqiuyuan\HOME_PAGE\Application\Home\Conf\config.php ç¬¬ 7 è¡Œ.
NOTIC: [8] Use of undefined constant SAE_MYSQL_PASS - assumed 'SAE_MYSQL_PASS' D:\wamp\www\php\chenqiuyuan\HOME_PAGE\Application\Home\Conf\config.php ç¬¬ 8 è¡Œ.
NOTIC: [8] Use of undefined constant SAE_MYSQL_PORT - assumed 'SAE_MYSQL_PORT' D:\wamp\www\php\chenqiuyuan\HOME_PAGE\Application\Home\Conf\config.php ç¬¬ 9 è¡Œ.
INFO: [ app_begin ] --START--
INFO: Run Behavior\ReadHtmlCacheBehavior [ RunTime:0.000682s ]
INFO: [ app_begin ] --END-- [ RunTime:0.000811s ]
INFO: [ view_parse ] --START--
INFO: [ template_filter ] --START--
INFO: Run Behavior\ContentReplaceBehavior [ RunTime:0.000071s ]
INFO: [ template_filter ] --END-- [ RunTime:0.000191s ]
INFO: Run Behavior\ParseTemplateBehavior [ RunTime:0.007681s ]
INFO: [ view_parse ] --END-- [ RunTime:0.007813s ]
INFO: [ view_filter ] --START--
INFO: Run Behavior\WriteHtmlCacheBehavior [ RunTime:0.000545s ]
INFO: [ view_filter ] --END-- [ RunTime:0.000686s ]
INFO: [ app_end ] --START--
INFO: Run Behavior\ShowPageTraceBehavior [ RunTime:0.000610s ]
INFO: [ app_end ] --END-- [ RunTime:0.000722s ]

[ 2016-04-21T20:46:53+08:00 ] ::1 /php/chenqiuyuan/HOME_PAGE/index.php/Home/Admin/index
INFO: [ app_init ] --START--
INFO: Run Behavior\BuildLiteBehavior [ RunTime:0.000028s ]
INFO: [ app_init ] --END-- [ RunTime:0.000494s ]
NOTIC: [8] Use of undefined constant SAE_MYSQL_HOST_M - assumed 'SAE_MYSQL_HOST_M' D:\wamp\www\php\chenqiuyuan\HOME_PAGE\Application\Home\Conf\config.php ç¬¬ 5 è¡Œ.
NOTIC: [8] Use of undefined constant SAE_MYSQL_USER - assumed 'SAE_MYSQL_USER' D:\wamp\www\php\chenqiuyuan\HOME_PAGE\Application\Home\Conf\config.php ç¬¬ 7 è¡Œ.
NOTIC: [8] Use of undefined constant SAE_MYSQL_PASS - assumed 'SAE_MYSQL_PASS' D:\wamp\www\php\chenqiuyuan\HOME_PAGE\Application\Home\Conf\config.php ç¬¬ 8 è¡Œ.
NOTIC: [8] Use of undefined constant SAE_MYSQL_PORT - assumed 'SAE_MYSQL_PORT' D:\wamp\www\php\chenqiuyuan\HOME_PAGE\Application\Home\Conf\config.php ç¬¬ 9 è¡Œ.
INFO: [ app_begin ] --START--
INFO: Run Behavior\ReadHtmlCacheBehavior [ RunTime:0.000518s ]
INFO: [ app_begin ] --END-- [ RunTime:0.000659s ]
INFO: [ view_parse ] --START--
INFO: [ template_filter ] --START--
INFO: Run Behavior\ContentReplaceBehavior [ RunTime:0.000232s ]
INFO: [ template_filter ] --END-- [ RunTime:0.000656s ]
INFO: Run Behavior\ParseTemplateBehavior [ RunTime:0.092821s ]
INFO: [ view_parse ] --END-- [ RunTime:0.093039s ]
INFO: [ view_filter ] --START--
INFO: Run Behavior\WriteHtmlCacheBehavior [ RunTime:0.000446s ]
INFO: [ view_filter ] --END-- [ RunTime:0.000612s ]
INFO: [ app_end ] --START--
INFO: Run Behavior\ShowPageTraceBehavior [ RunTime:0.000675s ]
INFO: [ app_end ] --END-- [ RunTime:0.000843s ]

[ 2016-04-21T20:46:57+08:00 ] ::1 /php/chenqiuyuan/HOME_PAGE/index.php/Home/Admin/login
INFO: [ app_init ] --START--
INFO: Run Behavior\BuildLiteBehavior [ RunTime:0.000032s ]
INFO: [ app_init ] --END-- [ RunTime:0.000636s ]
NOTIC: [8] Use of undefined constant SAE_MYSQL_HOST_M - assumed 'SAE_MYSQL_HOST_M' D:\wamp\www\php\chenqiuyuan\HOME_PAGE\Application\Home\Conf\config.php ç¬¬ 5 è¡Œ.
NOTIC: [8] Use of undefined constant SAE_MYSQL_USER - assumed 'SAE_MYSQL_USER' D:\wamp\www\php\chenqiuyuan\HOME_PAGE\Application\Home\Conf\config.php ç¬¬ 7 è¡Œ.
NOTIC: [8] Use of undefined constant SAE_MYSQL_PASS - assumed 'SAE_MYSQL_PASS' D:\wamp\www\php\chenqiuyuan\HOME_PAGE\Application\Home\Conf\config.php ç¬¬ 8 è¡Œ.
NOTIC: [8] Use of undefined constant SAE_MYSQL_PORT - assumed 'SAE_MYSQL_PORT' D:\wamp\www\php\chenqiuyuan\HOME_PAGE\Application\Home\Conf\config.php ç¬¬ 9 è¡Œ.
INFO: [ app_begin ] --START--
INFO: Run Behavior\ReadHtmlCacheBehavior [ RunTime:0.000816s ]
INFO: [ app_begin ] --END-- [ RunTime:0.000959s ]
NOTIC: [2] PDO::__construct():  D:\wamp\www\php\chenqiuyuan\HOME_PAGE\ThinkPHP\Library\Think\Db\Driver.class.php ç¬¬ 103 è¡Œ.
ERR: SQLSTATE[HY000] [2002] php_network_getaddresses: getaddrinfo failed: ²»ÖªµÀÕâÑùµÄÖ÷»ú¡£ 

[ 2016-04-21T20:52:56+08:00 ] ::1 /php/chenqiuyuan/HOME_PAGE/index.php
INFO: [ app_init ] --START--
INFO: Run Behavior\BuildLiteBehavior [ RunTime:0.000024s ]
INFO: [ app_init ] --END-- [ RunTime:0.000469s ]
NOTIC: [8] Use of undefined constant SAE_MYSQL_HOST_M - assumed 'SAE_MYSQL_HOST_M' D:\wamp\www\php\chenqiuyuan\HOME_PAGE\Application\Home\Conf\config.php ç¬¬ 5 è¡Œ.
NOTIC: [8] Use of undefined constant SAE_MYSQL_USER - assumed 'SAE_MYSQL_USER' D:\wamp\www\php\chenqiuyuan\HOME_PAGE\Application\Home\Conf\config.php ç¬¬ 7 è¡Œ.
NOTIC: [8] Use of undefined constant SAE_MYSQL_PASS - assumed 'SAE_MYSQL_PASS' D:\wamp\www\php\chenqiuyuan\HOME_PAGE\Application\Home\Conf\config.php ç¬¬ 8 è¡Œ.
NOTIC: [8] Use of undefined constant SAE_MYSQL_PORT - assumed 'SAE_MYSQL_PORT' D:\wamp\www\php\chenqiuyuan\HOME_PAGE\Application\Home\Conf\config.php ç¬¬ 9 è¡Œ.
INFO: [ app_begin ] --START--
INFO: Run Behavior\ReadHtmlCacheBehavior [ RunTime:0.000599s ]
INFO: [ app_begin ] --END-- [ RunTime:0.000704s ]
INFO: [ view_parse ] --START--
INFO: [ template_filter ] --START--
INFO: Run Behavior\ContentReplaceBehavior [ RunTime:0.000082s ]
INFO: [ template_filter ] --END-- [ RunTime:0.000252s ]
INFO: Run Behavior\ParseTemplateBehavior [ RunTime:0.007748s ]
INFO: [ view_parse ] --END-- [ RunTime:0.007866s ]
INFO: [ view_filter ] --START--
INFO: Run Behavior\WriteHtmlCacheBehavior [ RunTime:0.000561s ]
INFO: [ view_filter ] --END-- [ RunTime:0.000700s ]
INFO: [ app_end ] --START--
INFO: Run Behavior\ShowPageTraceBehavior [ RunTime:0.000590s ]
INFO: [ app_end ] --END-- [ RunTime:0.000705s ]

[ 2016-04-21T20:53:06+08:00 ] ::1 /php/chenqiuyuan/HOME_PAGE/index.php/Home/Subtitle/debt
INFO: [ app_init ] --START--
INFO: Run Behavior\BuildLiteBehavior [ RunTime:0.000033s ]
INFO: [ app_init ] --END-- [ RunTime:0.000619s ]
NOTIC: [8] Use of undefined constant SAE_MYSQL_HOST_M - assumed 'SAE_MYSQL_HOST_M' D:\wamp\www\php\chenqiuyuan\HOME_PAGE\Application\Home\Conf\config.php ç¬¬ 5 è¡Œ.
NOTIC: [8] Use of undefined constant SAE_MYSQL_USER - assumed 'SAE_MYSQL_USER' D:\wamp\www\php\chenqiuyuan\HOME_PAGE\Application\Home\Conf\config.php ç¬¬ 7 è¡Œ.
NOTIC: [8] Use of undefined constant SAE_MYSQL_PASS - assumed 'SAE_MYSQL_PASS' D:\wamp\www\php\chenqiuyuan\HOME_PAGE\Application\Home\Conf\config.php ç¬¬ 8 è¡Œ.
NOTIC: [8] Use of undefined constant SAE_MYSQL_PORT - assumed 'SAE_MYSQL_PORT' D:\wamp\www\php\chenqiuyuan\HOME_PAGE\Application\Home\Conf\config.php ç¬¬ 9 è¡Œ.
INFO: [ app_begin ] --START--
INFO: Run Behavior\ReadHtmlCacheBehavior [ RunTime:0.000878s ]
INFO: [ app_begin ] --END-- [ RunTime:0.001033s ]
INFO: [ view_parse ] --START--
INFO: [ template_filter ] --START--
INFO: Run Behavior\ContentReplaceBehavior [ RunTime:0.000066s ]
INFO: [ template_filter ] --END-- [ RunTime:0.000210s ]
INFO: Run Behavior\ParseTemplateBehavior [ RunTime:0.073651s ]
INFO: [ view_parse ] --END-- [ RunTime:0.073789s ]
INFO: [ view_filter ] --START--
INFO: Run Behavior\WriteHtmlCacheBehavior [ RunTime:0.000642s ]
INFO: [ view_filter ] --END-- [ RunTime:0.000751s ]
INFO: [ app_end ] --START--
INFO: Run Behavior\ShowPageTraceBehavior [ RunTime:0.000688s ]
INFO: [ app_end ] --END-- [ RunTime:0.000790s ]

[ 2016-04-21T20:59:27+08:00 ] ::1 /php/chenqiuyuan/HOME_PAGE/index.php
INFO: [ app_init ] --START--
INFO: Run Behavior\BuildLiteBehavior [ RunTime:0.000023s ]
INFO: [ app_init ] --END-- [ RunTime:0.000453s ]
NOTIC: [8] Use of undefined constant SAE_MYSQL_HOST_M - assumed 'SAE_MYSQL_HOST_M' D:\wamp\www\php\chenqiuyuan\HOME_PAGE\Application\Home\Conf\config.php ç¬¬ 5 è¡Œ.
NOTIC: [8] Use of undefined constant SAE_MYSQL_USER - assumed 'SAE_MYSQL_USER' D:\wamp\www\php\chenqiuyuan\HOME_PAGE\Application\Home\Conf\config.php ç¬¬ 7 è¡Œ.
NOTIC: [8] Use of undefined constant SAE_MYSQL_PASS - assumed 'SAE_MYSQL_PASS' D:\wamp\www\php\chenqiuyuan\HOME_PAGE\Application\Home\Conf\config.php ç¬¬ 8 è¡Œ.
NOTIC: [8] Use of undefined constant SAE_MYSQL_PORT - assumed 'SAE_MYSQL_PORT' D:\wamp\www\php\chenqiuyuan\HOME_PAGE\Application\Home\Conf\config.php ç¬¬ 9 è¡Œ.
INFO: [ app_begin ] --START--
INFO: Run Behavior\ReadHtmlCacheBehavior [ RunTime:0.000642s ]
INFO: [ app_begin ] --END-- [ RunTime:0.000770s ]
INFO: [ view_parse ] --START--
INFO: [ template_filter ] --START--
INFO: Run Behavior\ContentReplaceBehavior [ RunTime:0.000067s ]
INFO: [ template_filter ] --END-- [ RunTime:0.000205s ]
INFO: Run Behavior\ParseTemplateBehavior [ RunTime:0.007676s ]
INFO: [ view_parse ] --END-- [ RunTime:0.007846s ]
INFO: [ view_filter ] --START--
INFO: Run Behavior\WriteHtmlCacheBehavior [ RunTime:0.000513s ]
INFO: [ view_filter ] --END-- [ RunTime:0.000633s ]
INFO: [ app_end ] --START--
INFO: Run Behavior\ShowPageTraceBehavior [ RunTime:0.000549s ]
INFO: [ app_end ] --END-- [ RunTime:0.000671s ]

[ 2016-04-21T20:59:29+08:00 ] ::1 /php/chenqiuyuan/HOME_PAGE/index.php
INFO: [ app_init ] --START--
INFO: Run Behavior\BuildLiteBehavior [ RunTime:0.000030s ]
INFO: [ app_init ] --END-- [ RunTime:0.000508s ]
NOTIC: [8] Use of undefined constant SAE_MYSQL_HOST_M - assumed 'SAE_MYSQL_HOST_M' D:\wamp\www\php\chenqiuyuan\HOME_PAGE\Application\Home\Conf\config.php ç¬¬ 5 è¡Œ.
NOTIC: [8] Use of undefined constant SAE_MYSQL_USER - assumed 'SAE_MYSQL_USER' D:\wamp\www\php\chenqiuyuan\HOME_PAGE\Application\Home\Conf\config.php ç¬¬ 7 è¡Œ.
NOTIC: [8] Use of undefined constant SAE_MYSQL_PASS - assumed 'SAE_MYSQL_PASS' D:\wamp\www\php\chenqiuyuan\HOME_PAGE\Application\Home\Conf\config.php ç¬¬ 8 è¡Œ.
NOTIC: [8] Use of undefined constant SAE_MYSQL_PORT - assumed 'SAE_MYSQL_PORT' D:\wamp\www\php\chenqiuyuan\HOME_PAGE\Application\Home\Conf\config.php ç¬¬ 9 è¡Œ.
INFO: [ app_begin ] --START--
INFO: Run Behavior\ReadHtmlCacheBehavior [ RunTime:0.000525s ]
INFO: [ app_begin ] --END-- [ RunTime:0.000689s ]
INFO: [ view_parse ] --START--
INFO: [ template_filter ] --START--
INFO: Run Behavior\ContentReplaceBehavior [ RunTime:0.000082s ]
INFO: [ template_filter ] --END-- [ RunTime:0.000224s ]
INFO: Run Behavior\ParseTemplateBehavior [ RunTime:0.007778s ]
INFO: [ view_parse ] --END-- [ RunTime:0.007923s ]
INFO: [ view_filter ] --START--
INFO: Run Behavior\WriteHtmlCacheBehavior [ RunTime:0.000312s ]
INFO: [ view_filter ] --END-- [ RunTime:0.000435s ]
INFO: [ app_end ] --START--
INFO: Run Behavior\ShowPageTraceBehavior [ RunTime:0.000531s ]
INFO: [ app_end ] --END-- [ RunTime:0.000666s ]

[ 2016-04-21T21:17:15+08:00 ] ::1 /php/chenqiuyuan/HOME_PAGE/index.php/Home/Subtitle/debt
INFO: [ app_init ] --START--
INFO: Run Behavior\BuildLiteBehavior [ RunTime:0.000023s ]
INFO: [ app_init ] --END-- [ RunTime:0.000494s ]
NOTIC: [8] Use of undefined constant SAE_MYSQL_HOST_M - assumed 'SAE_MYSQL_HOST_M' D:\wamp\www\php\chenqiuyuan\HOME_PAGE\Application\Home\Conf\config.php ç¬¬ 5 è¡Œ.
NOTIC: [8] Use of undefined constant SAE_MYSQL_USER - assumed 'SAE_MYSQL_USER' D:\wamp\www\php\chenqiuyuan\HOME_PAGE\Application\Home\Conf\config.php ç¬¬ 7 è¡Œ.
NOTIC: [8] Use of undefined constant SAE_MYSQL_PASS - assumed 'SAE_MYSQL_PASS' D:\wamp\www\php\chenqiuyuan\HOME_PAGE\Application\Home\Conf\config.php ç¬¬ 8 è¡Œ.
NOTIC: [8] Use of undefined constant SAE_MYSQL_PORT - assumed 'SAE_MYSQL_PORT' D:\wamp\www\php\chenqiuyuan\HOME_PAGE\Application\Home\Conf\config.php ç¬¬ 9 è¡Œ.
INFO: [ app_begin ] --START--
INFO: Run Behavior\ReadHtmlCacheBehavior [ RunTime:0.000795s ]
INFO: [ app_begin ] --END-- [ RunTime:0.000900s ]
INFO: [ view_parse ] --START--
INFO: [ template_filter ] --START--
INFO: Run Behavior\ContentReplaceBehavior [ RunTime:0.000062s ]
INFO: [ template_filter ] --END-- [ RunTime:0.000195s ]
INFO: Run Behavior\ParseTemplateBehavior [ RunTime:0.016053s ]
INFO: [ view_parse ] --END-- [ RunTime:0.016228s ]
INFO: [ view_filter ] --START--
INFO: Run Behavior\WriteHtmlCacheBehavior [ RunTime:0.000826s ]
INFO: [ view_filter ] --END-- [ RunTime:0.000946s ]
INFO: [ app_end ] --START--
INFO: Run Behavior\ShowPageTraceBehavior [ RunTime:0.000776s ]
INFO: [ app_end ] --END-- [ RunTime:0.000872s ]

